{"C:\\Users\\chait\\OneDrive\\Desktop\\RideLink\\src\\app.js": {"path":"C:\\Users\\chait\\OneDrive\\Desktop\\RideLink\\src\\app.js","statementMap":{"0":{"start":{"line":1,"column":16},"end":{"line":1,"column":34}},"1":{"start":{"line":2,"column":13},"end":{"line":2,"column":28}},"2":{"start":{"line":3,"column":25},"end":{"line":3,"column":40}},"3":{"start":{"line":4,"column":19},"end":{"line":4,"column":39}},"4":{"start":{"line":5,"column":22},"end":{"line":5,"column":41}},"5":{"start":{"line":6,"column":15},"end":{"line":6,"column":34}},"6":{"start":{"line":7,"column":25},"end":{"line":7,"column":61}},"7":{"start":{"line":8,"column":57},"end":{"line":8,"column":87}},"8":{"start":{"line":9,"column":23},"end":{"line":9,"column":51}},"9":{"start":{"line":10,"column":27},"end":{"line":10,"column":59}},"10":{"start":{"line":11,"column":30},"end":{"line":11,"column":65}},"11":{"start":{"line":12,"column":23},"end":{"line":12,"column":58}},"12":{"start":{"line":13,"column":16},"end":{"line":13,"column":34}},"13":{"start":{"line":16,"column":12},"end":{"line":16,"column":21}},"14":{"start":{"line":17,"column":19},"end":{"line":17,"column":36}},"15":{"start":{"line":20,"column":11},"end":{"line":26,"column":2}},"16":{"start":{"line":29,"column":0},"end":{"line":29,"column":24}},"17":{"start":{"line":32,"column":0},"end":{"line":32,"column":24}},"18":{"start":{"line":33,"column":0},"end":{"line":33,"column":28}},"19":{"start":{"line":34,"column":0},"end":{"line":34,"column":31}},"20":{"start":{"line":35,"column":0},"end":{"line":35,"column":24}},"21":{"start":{"line":36,"column":0},"end":{"line":36,"column":48}},"22":{"start":{"line":37,"column":0},"end":{"line":37,"column":56}},"23":{"start":{"line":40,"column":0},"end":{"line":40,"column":26}},"24":{"start":{"line":41,"column":0},"end":{"line":41,"column":23}},"25":{"start":{"line":44,"column":0},"end":{"line":44,"column":28}},"26":{"start":{"line":47,"column":0},"end":{"line":47,"column":24}},"27":{"start":{"line":50,"column":0},"end":{"line":50,"column":21}},"28":{"start":{"line":51,"column":0},"end":{"line":51,"column":22}},"29":{"start":{"line":54,"column":13},"end":{"line":54,"column":37}},"30":{"start":{"line":56,"column":20},"end":{"line":71,"column":1}},"31":{"start":{"line":57,"column":2},"end":{"line":70,"column":3}},"32":{"start":{"line":58,"column":4},"end":{"line":58,"column":35}},"33":{"start":{"line":59,"column":4},"end":{"line":59,"column":66}},"34":{"start":{"line":61,"column":4},"end":{"line":61,"column":76}},"35":{"start":{"line":62,"column":4},"end":{"line":62,"column":56}},"36":{"start":{"line":64,"column":4},"end":{"line":66,"column":7}},"37":{"start":{"line":65,"column":6},"end":{"line":65,"column":56}},"38":{"start":{"line":68,"column":4},"end":{"line":68,"column":52}},"39":{"start":{"line":69,"column":4},"end":{"line":69,"column":20}},"40":{"start":{"line":74,"column":0},"end":{"line":78,"column":3}},"41":{"start":{"line":75,"column":2},"end":{"line":75,"column":45}},"42":{"start":{"line":77,"column":2},"end":{"line":77,"column":42}},"43":{"start":{"line":77,"column":25},"end":{"line":77,"column":40}},"44":{"start":{"line":81,"column":0},"end":{"line":85,"column":3}},"45":{"start":{"line":82,"column":2},"end":{"line":82,"column":44}},"46":{"start":{"line":84,"column":2},"end":{"line":84,"column":42}},"47":{"start":{"line":84,"column":25},"end":{"line":84,"column":40}},"48":{"start":{"line":87,"column":0},"end":{"line":87,"column":14}},"49":{"start":{"line":89,"column":0},"end":{"line":89,"column":21}}},"fnMap":{"0":{"name":"(anonymous_0)","decl":{"start":{"line":56,"column":20},"end":{"line":56,"column":21}},"loc":{"start":{"line":56,"column":32},"end":{"line":71,"column":1}},"line":56},"1":{"name":"(anonymous_1)","decl":{"start":{"line":64,"column":28},"end":{"line":64,"column":29}},"loc":{"start":{"line":64,"column":34},"end":{"line":66,"column":5}},"line":64},"2":{"name":"(anonymous_2)","decl":{"start":{"line":74,"column":33},"end":{"line":74,"column":34}},"loc":{"start":{"line":74,"column":42},"end":{"line":78,"column":1}},"line":74},"3":{"name":"(anonymous_3)","decl":{"start":{"line":77,"column":19},"end":{"line":77,"column":20}},"loc":{"start":{"line":77,"column":25},"end":{"line":77,"column":40}},"line":77},"4":{"name":"(anonymous_4)","decl":{"start":{"line":81,"column":32},"end":{"line":81,"column":33}},"loc":{"start":{"line":81,"column":41},"end":{"line":85,"column":1}},"line":81},"5":{"name":"(anonymous_5)","decl":{"start":{"line":84,"column":19},"end":{"line":84,"column":20}},"loc":{"start":{"line":84,"column":25},"end":{"line":84,"column":40}},"line":84}},"branchMap":{"0":{"loc":{"start":{"line":54,"column":13},"end":{"line":54,"column":37}},"type":"binary-expr","locations":[{"start":{"line":54,"column":13},"end":{"line":54,"column":29}},{"start":{"line":54,"column":33},"end":{"line":54,"column":37}}],"line":54}},"s":{"0":0,"1":0,"2":0,"3":0,"4":0,"5":0,"6":0,"7":0,"8":0,"9":0,"10":0,"11":0,"12":0,"13":0,"14":0,"15":0,"16":0,"17":0,"18":0,"19":0,"20":0,"21":0,"22":0,"23":0,"24":0,"25":0,"26":0,"27":0,"28":0,"29":0,"30":0,"31":0,"32":0,"33":0,"34":0,"35":0,"36":0,"37":0,"38":0,"39":0,"40":0,"41":0,"42":0,"43":0,"44":0,"45":0,"46":0,"47":0,"48":0,"49":0},"f":{"0":0,"1":0,"2":0,"3":0,"4":0,"5":0},"b":{"0":[0,0]}}
,"C:\\Users\\chait\\OneDrive\\Desktop\\RideLink\\src\\controllers\\adminController.js": {"path":"C:\\Users\\chait\\OneDrive\\Desktop\\RideLink\\src\\controllers\\adminController.js","statementMap":{"0":{"start":{"line":1,"column":32},"end":{"line":1,"column":55}},"1":{"start":{"line":2,"column":15},"end":{"line":2,"column":35}},"2":{"start":{"line":3,"column":16},"end":{"line":3,"column":34}},"3":{"start":{"line":6,"column":0},"end":{"line":49,"column":2}},"4":{"start":{"line":7,"column":2},"end":{"line":48,"column":3}},"5":{"start":{"line":8,"column":51},"end":{"line":8,"column":60}},"6":{"start":{"line":9,"column":18},"end":{"line":9,"column":20}},"7":{"start":{"line":11,"column":4},"end":{"line":13,"column":5}},"8":{"start":{"line":12,"column":6},"end":{"line":12,"column":24}},"9":{"start":{"line":15,"column":4},"end":{"line":22,"column":5}},"10":{"start":{"line":16,"column":6},"end":{"line":21,"column":8}},"11":{"start":{"line":24,"column":18},"end":{"line":30,"column":6}},"12":{"start":{"line":32,"column":4},"end":{"line":40,"column":7}},"13":{"start":{"line":42,"column":4},"end":{"line":42,"column":47}},"14":{"start":{"line":43,"column":4},"end":{"line":47,"column":7}},"15":{"start":{"line":52,"column":0},"end":{"line":96,"column":2}},"16":{"start":{"line":53,"column":2},"end":{"line":95,"column":3}},"17":{"start":{"line":54,"column":65},"end":{"line":54,"column":74}},"18":{"start":{"line":55,"column":18},"end":{"line":55,"column":20}},"19":{"start":{"line":57,"column":4},"end":{"line":59,"column":5}},"20":{"start":{"line":58,"column":6},"end":{"line":58,"column":28}},"21":{"start":{"line":61,"column":4},"end":{"line":65,"column":5}},"22":{"start":{"line":62,"column":6},"end":{"line":64,"column":8}},"23":{"start":{"line":67,"column":18},"end":{"line":77,"column":6}},"24":{"start":{"line":79,"column":4},"end":{"line":87,"column":7}},"25":{"start":{"line":89,"column":4},"end":{"line":89,"column":47}},"26":{"start":{"line":90,"column":4},"end":{"line":94,"column":7}},"27":{"start":{"line":99,"column":0},"end":{"line":142,"column":2}},"28":{"start":{"line":100,"column":2},"end":{"line":141,"column":3}},"29":{"start":{"line":101,"column":65},"end":{"line":101,"column":74}},"30":{"start":{"line":102,"column":18},"end":{"line":102,"column":20}},"31":{"start":{"line":104,"column":4},"end":{"line":106,"column":5}},"32":{"start":{"line":105,"column":6},"end":{"line":105,"column":28}},"33":{"start":{"line":108,"column":4},"end":{"line":112,"column":5}},"34":{"start":{"line":109,"column":6},"end":{"line":111,"column":8}},"35":{"start":{"line":114,"column":21},"end":{"line":123,"column":6}},"36":{"start":{"line":125,"column":4},"end":{"line":133,"column":7}},"37":{"start":{"line":135,"column":4},"end":{"line":135,"column":50}},"38":{"start":{"line":136,"column":4},"end":{"line":140,"column":7}},"39":{"start":{"line":145,"column":0},"end":{"line":171,"column":2}},"40":{"start":{"line":146,"column":2},"end":{"line":170,"column":3}},"41":{"start":{"line":147,"column":23},"end":{"line":147,"column":33}},"42":{"start":{"line":148,"column":23},"end":{"line":148,"column":31}},"43":{"start":{"line":150,"column":17},"end":{"line":150,"column":44}},"44":{"start":{"line":151,"column":4},"end":{"line":156,"column":5}},"45":{"start":{"line":152,"column":6},"end":{"line":155,"column":9}},"46":{"start":{"line":158,"column":4},"end":{"line":158,"column":34}},"47":{"start":{"line":159,"column":4},"end":{"line":162,"column":7}},"48":{"start":{"line":164,"column":4},"end":{"line":164,"column":55}},"49":{"start":{"line":165,"column":4},"end":{"line":169,"column":7}},"50":{"start":{"line":174,"column":0},"end":{"line":200,"column":2}},"51":{"start":{"line":175,"column":2},"end":{"line":199,"column":3}},"52":{"start":{"line":176,"column":23},"end":{"line":176,"column":33}},"53":{"start":{"line":177,"column":23},"end":{"line":177,"column":31}},"54":{"start":{"line":179,"column":17},"end":{"line":179,"column":44}},"55":{"start":{"line":180,"column":4},"end":{"line":185,"column":5}},"56":{"start":{"line":181,"column":6},"end":{"line":184,"column":9}},"57":{"start":{"line":187,"column":4},"end":{"line":187,"column":34}},"58":{"start":{"line":188,"column":4},"end":{"line":191,"column":7}},"59":{"start":{"line":193,"column":4},"end":{"line":193,"column":55}},"60":{"start":{"line":194,"column":4},"end":{"line":198,"column":7}},"61":{"start":{"line":203,"column":0},"end":{"line":240,"column":2}},"62":{"start":{"line":204,"column":2},"end":{"line":239,"column":3}},"63":{"start":{"line":212,"column":8},"end":{"line":219,"column":6}},"64":{"start":{"line":221,"column":4},"end":{"line":231,"column":7}},"65":{"start":{"line":233,"column":4},"end":{"line":233,"column":56}},"66":{"start":{"line":234,"column":4},"end":{"line":238,"column":7}}},"fnMap":{"0":{"name":"(anonymous_0)","decl":{"start":{"line":6,"column":19},"end":{"line":6,"column":20}},"loc":{"start":{"line":6,"column":39},"end":{"line":49,"column":1}},"line":6},"1":{"name":"(anonymous_1)","decl":{"start":{"line":52,"column":19},"end":{"line":52,"column":20}},"loc":{"start":{"line":52,"column":39},"end":{"line":96,"column":1}},"line":52},"2":{"name":"(anonymous_2)","decl":{"start":{"line":99,"column":22},"end":{"line":99,"column":23}},"loc":{"start":{"line":99,"column":42},"end":{"line":142,"column":1}},"line":99},"3":{"name":"(anonymous_3)","decl":{"start":{"line":145,"column":27},"end":{"line":145,"column":28}},"loc":{"start":{"line":145,"column":47},"end":{"line":171,"column":1}},"line":145},"4":{"name":"(anonymous_4)","decl":{"start":{"line":174,"column":27},"end":{"line":174,"column":28}},"loc":{"start":{"line":174,"column":47},"end":{"line":200,"column":1}},"line":174},"5":{"name":"(anonymous_5)","decl":{"start":{"line":203,"column":28},"end":{"line":203,"column":29}},"loc":{"start":{"line":203,"column":48},"end":{"line":240,"column":1}},"line":203}},"branchMap":{"0":{"loc":{"start":{"line":8,"column":12},"end":{"line":8,"column":20}},"type":"default-arg","locations":[{"start":{"line":8,"column":19},"end":{"line":8,"column":20}}],"line":8},"1":{"loc":{"start":{"line":8,"column":22},"end":{"line":8,"column":32}},"type":"default-arg","locations":[{"start":{"line":8,"column":30},"end":{"line":8,"column":32}}],"line":8},"2":{"loc":{"start":{"line":11,"column":4},"end":{"line":13,"column":5}},"type":"if","locations":[{"start":{"line":11,"column":4},"end":{"line":13,"column":5}},{"start":{},"end":{}}],"line":11},"3":{"loc":{"start":{"line":15,"column":4},"end":{"line":22,"column":5}},"type":"if","locations":[{"start":{"line":15,"column":4},"end":{"line":22,"column":5}},{"start":{},"end":{}}],"line":15},"4":{"loc":{"start":{"line":54,"column":12},"end":{"line":54,"column":20}},"type":"default-arg","locations":[{"start":{"line":54,"column":19},"end":{"line":54,"column":20}}],"line":54},"5":{"loc":{"start":{"line":54,"column":22},"end":{"line":54,"column":32}},"type":"default-arg","locations":[{"start":{"line":54,"column":30},"end":{"line":54,"column":32}}],"line":54},"6":{"loc":{"start":{"line":57,"column":4},"end":{"line":59,"column":5}},"type":"if","locations":[{"start":{"line":57,"column":4},"end":{"line":59,"column":5}},{"start":{},"end":{}}],"line":57},"7":{"loc":{"start":{"line":61,"column":4},"end":{"line":65,"column":5}},"type":"if","locations":[{"start":{"line":61,"column":4},"end":{"line":65,"column":5}},{"start":{},"end":{}}],"line":61},"8":{"loc":{"start":{"line":61,"column":8},"end":{"line":61,"column":28}},"type":"binary-expr","locations":[{"start":{"line":61,"column":8},"end":{"line":61,"column":17}},{"start":{"line":61,"column":21},"end":{"line":61,"column":28}}],"line":61},"9":{"loc":{"start":{"line":101,"column":12},"end":{"line":101,"column":20}},"type":"default-arg","locations":[{"start":{"line":101,"column":19},"end":{"line":101,"column":20}}],"line":101},"10":{"loc":{"start":{"line":101,"column":22},"end":{"line":101,"column":32}},"type":"default-arg","locations":[{"start":{"line":101,"column":30},"end":{"line":101,"column":32}}],"line":101},"11":{"loc":{"start":{"line":104,"column":4},"end":{"line":106,"column":5}},"type":"if","locations":[{"start":{"line":104,"column":4},"end":{"line":106,"column":5}},{"start":{},"end":{}}],"line":104},"12":{"loc":{"start":{"line":108,"column":4},"end":{"line":112,"column":5}},"type":"if","locations":[{"start":{"line":108,"column":4},"end":{"line":112,"column":5}},{"start":{},"end":{}}],"line":108},"13":{"loc":{"start":{"line":108,"column":8},"end":{"line":108,"column":28}},"type":"binary-expr","locations":[{"start":{"line":108,"column":8},"end":{"line":108,"column":17}},{"start":{"line":108,"column":21},"end":{"line":108,"column":28}}],"line":108},"14":{"loc":{"start":{"line":151,"column":4},"end":{"line":156,"column":5}},"type":"if","locations":[{"start":{"line":151,"column":4},"end":{"line":156,"column":5}},{"start":{},"end":{}}],"line":151},"15":{"loc":{"start":{"line":180,"column":4},"end":{"line":185,"column":5}},"type":"if","locations":[{"start":{"line":180,"column":4},"end":{"line":185,"column":5}},{"start":{},"end":{}}],"line":180},"16":{"loc":{"start":{"line":229,"column":22},"end":{"line":229,"column":39}},"type":"binary-expr","locations":[{"start":{"line":229,"column":22},"end":{"line":229,"column":34}},{"start":{"line":229,"column":38},"end":{"line":229,"column":39}}],"line":229}},"s":{"0":0,"1":0,"2":0,"3":0,"4":0,"5":0,"6":0,"7":0,"8":0,"9":0,"10":0,"11":0,"12":0,"13":0,"14":0,"15":0,"16":0,"17":0,"18":0,"19":0,"20":0,"21":0,"22":0,"23":0,"24":0,"25":0,"26":0,"27":0,"28":0,"29":0,"30":0,"31":0,"32":0,"33":0,"34":0,"35":0,"36":0,"37":0,"38":0,"39":0,"40":0,"41":0,"42":0,"43":0,"44":0,"45":0,"46":0,"47":0,"48":0,"49":0,"50":0,"51":0,"52":0,"53":0,"54":0,"55":0,"56":0,"57":0,"58":0,"59":0,"60":0,"61":0,"62":0,"63":0,"64":0,"65":0,"66":0},"f":{"0":0,"1":0,"2":0,"3":0,"4":0,"5":0},"b":{"0":[0],"1":[0],"2":[0,0],"3":[0,0],"4":[0],"5":[0],"6":[0,0],"7":[0,0],"8":[0,0],"9":[0],"10":[0],"11":[0,0],"12":[0,0],"13":[0,0],"14":[0,0],"15":[0,0],"16":[0,0]}}
,"C:\\Users\\chait\\OneDrive\\Desktop\\RideLink\\src\\controllers\\authController.js": {"path":"C:\\Users\\chait\\OneDrive\\Desktop\\RideLink\\src\\controllers\\authController.js","statementMap":{"0":{"start":{"line":1,"column":20},"end":{"line":1,"column":54}},"1":{"start":{"line":2,"column":19},"end":{"line":2,"column":46}},"2":{"start":{"line":4,"column":17},"end":{"line":19,"column":1}},"3":{"start":{"line":5,"column":2},"end":{"line":18,"column":3}},"4":{"start":{"line":6,"column":17},"end":{"line":6,"column":53}},"5":{"start":{"line":7,"column":4},"end":{"line":15,"column":7}},"6":{"start":{"line":17,"column":4},"end":{"line":17,"column":16}},"7":{"start":{"line":21,"column":14},"end":{"line":29,"column":1}},"8":{"start":{"line":22,"column":2},"end":{"line":28,"column":3}},"9":{"start":{"line":23,"column":32},"end":{"line":23,"column":40}},"10":{"start":{"line":24,"column":19},"end":{"line":24,"column":59}},"11":{"start":{"line":25,"column":4},"end":{"line":25,"column":21}},"12":{"start":{"line":27,"column":4},"end":{"line":27,"column":16}},"13":{"start":{"line":31,"column":21},"end":{"line":39,"column":1}},"14":{"start":{"line":32,"column":2},"end":{"line":38,"column":3}},"15":{"start":{"line":33,"column":29},"end":{"line":33,"column":37}},"16":{"start":{"line":34,"column":19},"end":{"line":34,"column":69}},"17":{"start":{"line":35,"column":4},"end":{"line":35,"column":21}},"18":{"start":{"line":37,"column":4},"end":{"line":37,"column":16}},"19":{"start":{"line":41,"column":15},"end":{"line":49,"column":1}},"20":{"start":{"line":42,"column":2},"end":{"line":48,"column":3}},"21":{"start":{"line":43,"column":18},"end":{"line":43,"column":57}},"22":{"start":{"line":44,"column":4},"end":{"line":44,"column":36}},"23":{"start":{"line":45,"column":4},"end":{"line":45,"column":53}},"24":{"start":{"line":47,"column":4},"end":{"line":47,"column":16}},"25":{"start":{"line":51,"column":20},"end":{"line":67,"column":1}},"26":{"start":{"line":52,"column":2},"end":{"line":66,"column":3}},"27":{"start":{"line":53,"column":22},"end":{"line":53,"column":30}},"28":{"start":{"line":54,"column":17},"end":{"line":54,"column":53}},"29":{"start":{"line":55,"column":4},"end":{"line":63,"column":7}},"30":{"start":{"line":65,"column":4},"end":{"line":65,"column":16}},"31":{"start":{"line":69,"column":29},"end":{"line":79,"column":1}},"32":{"start":{"line":70,"column":2},"end":{"line":78,"column":3}},"33":{"start":{"line":71,"column":22},"end":{"line":71,"column":30}},"34":{"start":{"line":72,"column":4},"end":{"line":72,"column":50}},"35":{"start":{"line":73,"column":4},"end":{"line":75,"column":7}},"36":{"start":{"line":77,"column":4},"end":{"line":77,"column":16}},"37":{"start":{"line":81,"column":22},"end":{"line":89,"column":1}},"38":{"start":{"line":82,"column":2},"end":{"line":88,"column":3}},"39":{"start":{"line":83,"column":35},"end":{"line":83,"column":43}},"40":{"start":{"line":84,"column":4},"end":{"line":84,"column":56}},"41":{"start":{"line":85,"column":4},"end":{"line":85,"column":55}},"42":{"start":{"line":87,"column":4},"end":{"line":87,"column":16}},"43":{"start":{"line":91,"column":23},"end":{"line":99,"column":1}},"44":{"start":{"line":92,"column":2},"end":{"line":98,"column":3}},"45":{"start":{"line":93,"column":45},"end":{"line":93,"column":53}},"46":{"start":{"line":94,"column":4},"end":{"line":94,"column":80}},"47":{"start":{"line":95,"column":4},"end":{"line":95,"column":59}},"48":{"start":{"line":97,"column":4},"end":{"line":97,"column":16}},"49":{"start":{"line":101,"column":0},"end":{"line":110,"column":2}}},"fnMap":{"0":{"name":"(anonymous_0)","decl":{"start":{"line":4,"column":17},"end":{"line":4,"column":18}},"loc":{"start":{"line":4,"column":43},"end":{"line":19,"column":1}},"line":4},"1":{"name":"(anonymous_1)","decl":{"start":{"line":21,"column":14},"end":{"line":21,"column":15}},"loc":{"start":{"line":21,"column":40},"end":{"line":29,"column":1}},"line":21},"2":{"name":"(anonymous_2)","decl":{"start":{"line":31,"column":21},"end":{"line":31,"column":22}},"loc":{"start":{"line":31,"column":47},"end":{"line":39,"column":1}},"line":31},"3":{"name":"(anonymous_3)","decl":{"start":{"line":41,"column":15},"end":{"line":41,"column":16}},"loc":{"start":{"line":41,"column":41},"end":{"line":49,"column":1}},"line":41},"4":{"name":"(anonymous_4)","decl":{"start":{"line":51,"column":20},"end":{"line":51,"column":21}},"loc":{"start":{"line":51,"column":46},"end":{"line":67,"column":1}},"line":51},"5":{"name":"(anonymous_5)","decl":{"start":{"line":69,"column":29},"end":{"line":69,"column":30}},"loc":{"start":{"line":69,"column":55},"end":{"line":79,"column":1}},"line":69},"6":{"name":"(anonymous_6)","decl":{"start":{"line":81,"column":22},"end":{"line":81,"column":23}},"loc":{"start":{"line":81,"column":48},"end":{"line":89,"column":1}},"line":81},"7":{"name":"(anonymous_7)","decl":{"start":{"line":91,"column":23},"end":{"line":91,"column":24}},"loc":{"start":{"line":91,"column":49},"end":{"line":99,"column":1}},"line":91}},"branchMap":{},"s":{"0":0,"1":0,"2":0,"3":0,"4":0,"5":0,"6":0,"7":0,"8":0,"9":0,"10":0,"11":0,"12":0,"13":0,"14":0,"15":0,"16":0,"17":0,"18":0,"19":0,"20":0,"21":0,"22":0,"23":0,"24":0,"25":0,"26":0,"27":0,"28":0,"29":0,"30":0,"31":0,"32":0,"33":0,"34":0,"35":0,"36":0,"37":0,"38":0,"39":0,"40":0,"41":0,"42":0,"43":0,"44":0,"45":0,"46":0,"47":0,"48":0,"49":0},"f":{"0":0,"1":0,"2":0,"3":0,"4":0,"5":0,"6":0,"7":0},"b":{}}
,"C:\\Users\\chait\\OneDrive\\Desktop\\RideLink\\src\\controllers\\healthController.js": {"path":"C:\\Users\\chait\\OneDrive\\Desktop\\RideLink\\src\\controllers\\healthController.js","statementMap":{"0":{"start":{"line":1,"column":22},"end":{"line":1,"column":51}},"1":{"start":{"line":2,"column":21},"end":{"line":2,"column":58}},"2":{"start":{"line":4,"column":25},"end":{"line":87,"column":1}},"3":{"start":{"line":7,"column":4},"end":{"line":11,"column":7}},"4":{"start":{"line":16,"column":4},"end":{"line":47,"column":5}},"5":{"start":{"line":18,"column":6},"end":{"line":18,"column":37}},"6":{"start":{"line":21,"column":23},"end":{"line":27,"column":7}},"7":{"start":{"line":30,"column":25},"end":{"line":36,"column":7}},"8":{"start":{"line":38,"column":6},"end":{"line":44,"column":9}},"9":{"start":{"line":46,"column":6},"end":{"line":46,"column":53}},"10":{"start":{"line":52,"column":4},"end":{"line":61,"column":5}},"11":{"start":{"line":53,"column":6},"end":{"line":53,"column":37}},"12":{"start":{"line":54,"column":6},"end":{"line":58,"column":9}},"13":{"start":{"line":60,"column":6},"end":{"line":60,"column":60}},"14":{"start":{"line":66,"column":20},"end":{"line":79,"column":5}},"15":{"start":{"line":81,"column":4},"end":{"line":85,"column":7}},"16":{"start":{"line":89,"column":0},"end":{"line":89,"column":34}}},"fnMap":{"0":{"name":"(anonymous_0)","decl":{"start":{"line":6,"column":9},"end":{"line":6,"column":10}},"loc":{"start":{"line":6,"column":29},"end":{"line":12,"column":3}},"line":6},"1":{"name":"(anonymous_1)","decl":{"start":{"line":15,"column":12},"end":{"line":15,"column":13}},"loc":{"start":{"line":15,"column":38},"end":{"line":48,"column":3}},"line":15},"2":{"name":"(anonymous_2)","decl":{"start":{"line":51,"column":16},"end":{"line":51,"column":17}},"loc":{"start":{"line":51,"column":42},"end":{"line":62,"column":3}},"line":51},"3":{"name":"(anonymous_3)","decl":{"start":{"line":65,"column":15},"end":{"line":65,"column":16}},"loc":{"start":{"line":65,"column":29},"end":{"line":86,"column":3}},"line":65}},"branchMap":{"0":{"loc":{"start":{"line":75,"column":10},"end":{"line":78,"column":7}},"type":"binary-expr","locations":[{"start":{"line":75,"column":10},"end":{"line":75,"column":48}},{"start":{"line":75,"column":52},"end":{"line":78,"column":7}}],"line":75},"1":{"loc":{"start":{"line":76,"column":19},"end":{"line":76,"column":61}},"type":"cond-expr","locations":[{"start":{"line":76,"column":44},"end":{"line":76,"column":49}},{"start":{"line":76,"column":52},"end":{"line":76,"column":61}}],"line":76},"2":{"loc":{"start":{"line":77,"column":26},"end":{"line":77,"column":76}},"type":"cond-expr","locations":[{"start":{"line":77,"column":59},"end":{"line":77,"column":64}},{"start":{"line":77,"column":67},"end":{"line":77,"column":76}}],"line":77}},"s":{"0":0,"1":0,"2":0,"3":0,"4":0,"5":0,"6":0,"7":0,"8":0,"9":0,"10":0,"11":0,"12":0,"13":0,"14":0,"15":0,"16":0},"f":{"0":0,"1":0,"2":0,"3":0},"b":{"0":[0,0],"1":[0,0],"2":[0,0]}}
,"C:\\Users\\chait\\OneDrive\\Desktop\\RideLink\\src\\controllers\\notificationController.js": {"path":"C:\\Users\\chait\\OneDrive\\Desktop\\RideLink\\src\\controllers\\notificationController.js","statementMap":{"0":{"start":{"line":1,"column":37},"end":{"line":1,"column":60}},"1":{"start":{"line":2,"column":20},"end":{"line":2,"column":48}},"2":{"start":{"line":3,"column":22},"end":{"line":3,"column":52}},"3":{"start":{"line":4,"column":16},"end":{"line":4,"column":34}},"4":{"start":{"line":7,"column":0},"end":{"line":44,"column":2}},"5":{"start":{"line":8,"column":2},"end":{"line":43,"column":3}},"6":{"start":{"line":9,"column":19},"end":{"line":9,"column":30}},"7":{"start":{"line":10,"column":45},"end":{"line":10,"column":54}},"8":{"start":{"line":12,"column":18},"end":{"line":12,"column":28}},"9":{"start":{"line":13,"column":4},"end":{"line":15,"column":5}},"10":{"start":{"line":14,"column":6},"end":{"line":14,"column":39}},"11":{"start":{"line":17,"column":26},"end":{"line":25,"column":6}},"12":{"start":{"line":27,"column":4},"end":{"line":35,"column":7}},"13":{"start":{"line":37,"column":4},"end":{"line":37,"column":59}},"14":{"start":{"line":38,"column":4},"end":{"line":42,"column":7}},"15":{"start":{"line":47,"column":0},"end":{"line":80,"column":2}},"16":{"start":{"line":48,"column":2},"end":{"line":79,"column":3}},"17":{"start":{"line":49,"column":31},"end":{"line":49,"column":41}},"18":{"start":{"line":50,"column":19},"end":{"line":50,"column":30}},"19":{"start":{"line":52,"column":25},"end":{"line":57,"column":6}},"20":{"start":{"line":59,"column":4},"end":{"line":64,"column":5}},"21":{"start":{"line":60,"column":6},"end":{"line":63,"column":9}},"22":{"start":{"line":66,"column":4},"end":{"line":66,"column":48}},"23":{"start":{"line":68,"column":4},"end":{"line":71,"column":7}},"24":{"start":{"line":73,"column":4},"end":{"line":73,"column":49}},"25":{"start":{"line":74,"column":4},"end":{"line":78,"column":7}},"26":{"start":{"line":83,"column":0},"end":{"line":109,"column":2}},"27":{"start":{"line":84,"column":2},"end":{"line":108,"column":3}},"28":{"start":{"line":85,"column":19},"end":{"line":85,"column":30}},"29":{"start":{"line":87,"column":4},"end":{"line":95,"column":6}},"30":{"start":{"line":97,"column":4},"end":{"line":100,"column":7}},"31":{"start":{"line":102,"column":4},"end":{"line":102,"column":52}},"32":{"start":{"line":103,"column":4},"end":{"line":107,"column":7}},"33":{"start":{"line":112,"column":0},"end":{"line":145,"column":2}},"34":{"start":{"line":113,"column":2},"end":{"line":144,"column":3}},"35":{"start":{"line":114,"column":31},"end":{"line":114,"column":41}},"36":{"start":{"line":115,"column":19},"end":{"line":115,"column":30}},"37":{"start":{"line":117,"column":25},"end":{"line":122,"column":6}},"38":{"start":{"line":124,"column":4},"end":{"line":129,"column":5}},"39":{"start":{"line":125,"column":6},"end":{"line":128,"column":9}},"40":{"start":{"line":131,"column":4},"end":{"line":131,"column":33}},"41":{"start":{"line":133,"column":4},"end":{"line":136,"column":7}},"42":{"start":{"line":138,"column":4},"end":{"line":138,"column":57}},"43":{"start":{"line":139,"column":4},"end":{"line":143,"column":7}},"44":{"start":{"line":148,"column":0},"end":{"line":195,"column":2}},"45":{"start":{"line":157,"column":2},"end":{"line":194,"column":3}},"46":{"start":{"line":158,"column":25},"end":{"line":166,"column":6}},"47":{"start":{"line":169,"column":4},"end":{"line":177,"column":5}},"48":{"start":{"line":170,"column":19},"end":{"line":170,"column":46}},"49":{"start":{"line":171,"column":6},"end":{"line":176,"column":7}},"50":{"start":{"line":172,"column":8},"end":{"line":175,"column":11}},"51":{"start":{"line":179,"column":4},"end":{"line":188,"column":5}},"52":{"start":{"line":180,"column":19},"end":{"line":180,"column":46}},"53":{"start":{"line":181,"column":6},"end":{"line":187,"column":7}},"54":{"start":{"line":182,"column":8},"end":{"line":186,"column":11}},"55":{"start":{"line":190,"column":4},"end":{"line":190,"column":24}},"56":{"start":{"line":192,"column":4},"end":{"line":192,"column":57}},"57":{"start":{"line":193,"column":4},"end":{"line":193,"column":16}}},"fnMap":{"0":{"name":"(anonymous_0)","decl":{"start":{"line":7,"column":31},"end":{"line":7,"column":32}},"loc":{"start":{"line":7,"column":51},"end":{"line":44,"column":1}},"line":7},"1":{"name":"(anonymous_1)","decl":{"start":{"line":47,"column":21},"end":{"line":47,"column":22}},"loc":{"start":{"line":47,"column":41},"end":{"line":80,"column":1}},"line":47},"2":{"name":"(anonymous_2)","decl":{"start":{"line":83,"column":24},"end":{"line":83,"column":25}},"loc":{"start":{"line":83,"column":44},"end":{"line":109,"column":1}},"line":83},"3":{"name":"(anonymous_3)","decl":{"start":{"line":112,"column":29},"end":{"line":112,"column":30}},"loc":{"start":{"line":112,"column":49},"end":{"line":145,"column":1}},"line":112},"4":{"name":"(anonymous_4)","decl":{"start":{"line":148,"column":29},"end":{"line":148,"column":30}},"loc":{"start":{"line":156,"column":6},"end":{"line":195,"column":1}},"line":156}},"branchMap":{"0":{"loc":{"start":{"line":10,"column":12},"end":{"line":10,"column":20}},"type":"default-arg","locations":[{"start":{"line":10,"column":19},"end":{"line":10,"column":20}}],"line":10},"1":{"loc":{"start":{"line":10,"column":22},"end":{"line":10,"column":32}},"type":"default-arg","locations":[{"start":{"line":10,"column":30},"end":{"line":10,"column":32}}],"line":10},"2":{"loc":{"start":{"line":13,"column":4},"end":{"line":15,"column":5}},"type":"if","locations":[{"start":{"line":13,"column":4},"end":{"line":15,"column":5}},{"start":{},"end":{}}],"line":13},"3":{"loc":{"start":{"line":59,"column":4},"end":{"line":64,"column":5}},"type":"if","locations":[{"start":{"line":59,"column":4},"end":{"line":64,"column":5}},{"start":{},"end":{}}],"line":59},"4":{"loc":{"start":{"line":124,"column":4},"end":{"line":129,"column":5}},"type":"if","locations":[{"start":{"line":124,"column":4},"end":{"line":129,"column":5}},{"start":{},"end":{}}],"line":124},"5":{"loc":{"start":{"line":154,"column":2},"end":{"line":154,"column":20}},"type":"default-arg","locations":[{"start":{"line":154,"column":12},"end":{"line":154,"column":20}}],"line":154},"6":{"loc":{"start":{"line":155,"column":2},"end":{"line":155,"column":15}},"type":"default-arg","locations":[{"start":{"line":155,"column":13},"end":{"line":155,"column":15}}],"line":155},"7":{"loc":{"start":{"line":169,"column":4},"end":{"line":177,"column":5}},"type":"if","locations":[{"start":{"line":169,"column":4},"end":{"line":177,"column":5}},{"start":{},"end":{}}],"line":169},"8":{"loc":{"start":{"line":169,"column":8},"end":{"line":169,"column":46}},"type":"binary-expr","locations":[{"start":{"line":169,"column":8},"end":{"line":169,"column":25}},{"start":{"line":169,"column":29},"end":{"line":169,"column":46}}],"line":169},"9":{"loc":{"start":{"line":171,"column":6},"end":{"line":176,"column":7}},"type":"if","locations":[{"start":{"line":171,"column":6},"end":{"line":176,"column":7}},{"start":{},"end":{}}],"line":171},"10":{"loc":{"start":{"line":171,"column":10},"end":{"line":171,"column":28}},"type":"binary-expr","locations":[{"start":{"line":171,"column":10},"end":{"line":171,"column":14}},{"start":{"line":171,"column":18},"end":{"line":171,"column":28}}],"line":171},"11":{"loc":{"start":{"line":179,"column":4},"end":{"line":188,"column":5}},"type":"if","locations":[{"start":{"line":179,"column":4},"end":{"line":188,"column":5}},{"start":{},"end":{}}],"line":179},"12":{"loc":{"start":{"line":179,"column":8},"end":{"line":179,"column":48}},"type":"binary-expr","locations":[{"start":{"line":179,"column":8},"end":{"line":179,"column":27}},{"start":{"line":179,"column":31},"end":{"line":179,"column":48}}],"line":179},"13":{"loc":{"start":{"line":181,"column":6},"end":{"line":187,"column":7}},"type":"if","locations":[{"start":{"line":181,"column":6},"end":{"line":187,"column":7}},{"start":{},"end":{}}],"line":181},"14":{"loc":{"start":{"line":181,"column":10},"end":{"line":181,"column":28}},"type":"binary-expr","locations":[{"start":{"line":181,"column":10},"end":{"line":181,"column":14}},{"start":{"line":181,"column":18},"end":{"line":181,"column":28}}],"line":181}},"s":{"0":0,"1":0,"2":0,"3":0,"4":0,"5":0,"6":0,"7":0,"8":0,"9":0,"10":0,"11":0,"12":0,"13":0,"14":0,"15":0,"16":0,"17":0,"18":0,"19":0,"20":0,"21":0,"22":0,"23":0,"24":0,"25":0,"26":0,"27":0,"28":0,"29":0,"30":0,"31":0,"32":0,"33":0,"34":0,"35":0,"36":0,"37":0,"38":0,"39":0,"40":0,"41":0,"42":0,"43":0,"44":0,"45":0,"46":0,"47":0,"48":0,"49":0,"50":0,"51":0,"52":0,"53":0,"54":0,"55":0,"56":0,"57":0},"f":{"0":0,"1":0,"2":0,"3":0,"4":0},"b":{"0":[0],"1":[0],"2":[0,0],"3":[0,0],"4":[0,0],"5":[0],"6":[0],"7":[0,0],"8":[0,0],"9":[0,0],"10":[0,0],"11":[0,0],"12":[0,0],"13":[0,0],"14":[0,0]}}
,"C:\\Users\\chait\\OneDrive\\Desktop\\RideLink\\src\\controllers\\paymentController.js": {"path":"C:\\Users\\chait\\OneDrive\\Desktop\\RideLink\\src\\controllers\\paymentController.js","statementMap":{"0":{"start":{"line":1,"column":32},"end":{"line":1,"column":55}},"1":{"start":{"line":2,"column":15},"end":{"line":2,"column":63}},"2":{"start":{"line":3,"column":31},"end":{"line":3,"column":68}},"3":{"start":{"line":4,"column":20},"end":{"line":4,"column":48}},"4":{"start":{"line":5,"column":22},"end":{"line":5,"column":52}},"5":{"start":{"line":6,"column":16},"end":{"line":6,"column":34}},"6":{"start":{"line":9,"column":0},"end":{"line":82,"column":2}},"7":{"start":{"line":10,"column":2},"end":{"line":81,"column":3}},"8":{"start":{"line":11,"column":23},"end":{"line":11,"column":33}},"9":{"start":{"line":12,"column":19},"end":{"line":12,"column":30}},"10":{"start":{"line":14,"column":17},"end":{"line":19,"column":6}},"11":{"start":{"line":21,"column":4},"end":{"line":26,"column":5}},"12":{"start":{"line":22,"column":6},"end":{"line":25,"column":9}},"13":{"start":{"line":28,"column":4},"end":{"line":33,"column":5}},"14":{"start":{"line":29,"column":6},"end":{"line":32,"column":9}},"15":{"start":{"line":35,"column":4},"end":{"line":40,"column":5}},"16":{"start":{"line":36,"column":6},"end":{"line":39,"column":9}},"17":{"start":{"line":42,"column":20},"end":{"line":65,"column":6}},"18":{"start":{"line":67,"column":4},"end":{"line":73,"column":7}},"19":{"start":{"line":75,"column":4},"end":{"line":75,"column":60}},"20":{"start":{"line":76,"column":4},"end":{"line":80,"column":7}},"21":{"start":{"line":85,"column":0},"end":{"line":160,"column":2}},"22":{"start":{"line":86,"column":14},"end":{"line":86,"column":45}},"23":{"start":{"line":89,"column":2},"end":{"line":98,"column":3}},"24":{"start":{"line":90,"column":4},"end":{"line":94,"column":6}},"25":{"start":{"line":96,"column":4},"end":{"line":96,"column":73}},"26":{"start":{"line":97,"column":4},"end":{"line":97,"column":65}},"27":{"start":{"line":100,"column":2},"end":{"line":159,"column":3}},"28":{"start":{"line":101,"column":4},"end":{"line":149,"column":5}},"29":{"start":{"line":102,"column":22},"end":{"line":102,"column":39}},"30":{"start":{"line":103,"column":36},"end":{"line":103,"column":52}},"31":{"start":{"line":105,"column":22},"end":{"line":109,"column":8}},"32":{"start":{"line":111,"column":6},"end":{"line":113,"column":7}},"33":{"start":{"line":112,"column":8},"end":{"line":112,"column":45}},"34":{"start":{"line":116,"column":6},"end":{"line":120,"column":9}},"35":{"start":{"line":123,"column":6},"end":{"line":125,"column":9}},"36":{"start":{"line":128,"column":6},"end":{"line":135,"column":9}},"37":{"start":{"line":138,"column":6},"end":{"line":141,"column":9}},"38":{"start":{"line":144,"column":6},"end":{"line":148,"column":9}},"39":{"start":{"line":151,"column":4},"end":{"line":151,"column":33}},"40":{"start":{"line":153,"column":4},"end":{"line":153,"column":54}},"41":{"start":{"line":154,"column":4},"end":{"line":158,"column":7}},"42":{"start":{"line":163,"column":0},"end":{"line":203,"column":2}},"43":{"start":{"line":164,"column":2},"end":{"line":202,"column":3}},"44":{"start":{"line":165,"column":26},"end":{"line":165,"column":36}},"45":{"start":{"line":166,"column":19},"end":{"line":166,"column":30}},"46":{"start":{"line":168,"column":20},"end":{"line":172,"column":6}},"47":{"start":{"line":174,"column":4},"end":{"line":179,"column":5}},"48":{"start":{"line":175,"column":6},"end":{"line":178,"column":9}},"49":{"start":{"line":182,"column":4},"end":{"line":189,"column":5}},"50":{"start":{"line":185,"column":6},"end":{"line":188,"column":9}},"51":{"start":{"line":191,"column":4},"end":{"line":194,"column":7}},"52":{"start":{"line":196,"column":4},"end":{"line":196,"column":56}},"53":{"start":{"line":197,"column":4},"end":{"line":201,"column":7}},"54":{"start":{"line":206,"column":22},"end":{"line":233,"column":1}},"55":{"start":{"line":207,"column":2},"end":{"line":232,"column":3}},"56":{"start":{"line":208,"column":26},"end":{"line":208,"column":36}},"57":{"start":{"line":209,"column":23},"end":{"line":209,"column":31}},"58":{"start":{"line":210,"column":19},"end":{"line":210,"column":30}},"59":{"start":{"line":212,"column":20},"end":{"line":212,"column":53}},"60":{"start":{"line":215,"column":4},"end":{"line":217,"column":5}},"61":{"start":{"line":216,"column":6},"end":{"line":216,"column":73}},"62":{"start":{"line":219,"column":19},"end":{"line":219,"column":65}},"63":{"start":{"line":221,"column":4},"end":{"line":224,"column":7}},"64":{"start":{"line":226,"column":4},"end":{"line":226,"column":53}},"65":{"start":{"line":227,"column":4},"end":{"line":231,"column":7}},"66":{"start":{"line":235,"column":0},"end":{"line":240,"column":2}}},"fnMap":{"0":{"name":"(anonymous_0)","decl":{"start":{"line":9,"column":32},"end":{"line":9,"column":33}},"loc":{"start":{"line":9,"column":52},"end":{"line":82,"column":1}},"line":9},"1":{"name":"(anonymous_1)","decl":{"start":{"line":85,"column":24},"end":{"line":85,"column":25}},"loc":{"start":{"line":85,"column":44},"end":{"line":160,"column":1}},"line":85},"2":{"name":"(anonymous_2)","decl":{"start":{"line":163,"column":28},"end":{"line":163,"column":29}},"loc":{"start":{"line":163,"column":48},"end":{"line":203,"column":1}},"line":163},"3":{"name":"(anonymous_3)","decl":{"start":{"line":206,"column":22},"end":{"line":206,"column":23}},"loc":{"start":{"line":206,"column":48},"end":{"line":233,"column":1}},"line":206}},"branchMap":{"0":{"loc":{"start":{"line":21,"column":4},"end":{"line":26,"column":5}},"type":"if","locations":[{"start":{"line":21,"column":4},"end":{"line":26,"column":5}},{"start":{},"end":{}}],"line":21},"1":{"loc":{"start":{"line":28,"column":4},"end":{"line":33,"column":5}},"type":"if","locations":[{"start":{"line":28,"column":4},"end":{"line":33,"column":5}},{"start":{},"end":{}}],"line":28},"2":{"loc":{"start":{"line":35,"column":4},"end":{"line":40,"column":5}},"type":"if","locations":[{"start":{"line":35,"column":4},"end":{"line":40,"column":5}},{"start":{},"end":{}}],"line":35},"3":{"loc":{"start":{"line":101,"column":4},"end":{"line":149,"column":5}},"type":"if","locations":[{"start":{"line":101,"column":4},"end":{"line":149,"column":5}},{"start":{},"end":{}}],"line":101},"4":{"loc":{"start":{"line":111,"column":6},"end":{"line":113,"column":7}},"type":"if","locations":[{"start":{"line":111,"column":6},"end":{"line":113,"column":7}},{"start":{},"end":{}}],"line":111},"5":{"loc":{"start":{"line":174,"column":4},"end":{"line":179,"column":5}},"type":"if","locations":[{"start":{"line":174,"column":4},"end":{"line":179,"column":5}},{"start":{},"end":{}}],"line":174},"6":{"loc":{"start":{"line":182,"column":4},"end":{"line":189,"column":5}},"type":"if","locations":[{"start":{"line":182,"column":4},"end":{"line":189,"column":5}},{"start":{},"end":{}}],"line":182},"7":{"loc":{"start":{"line":182,"column":8},"end":{"line":184,"column":39}},"type":"binary-expr","locations":[{"start":{"line":182,"column":8},"end":{"line":182,"column":33}},{"start":{"line":183,"column":8},"end":{"line":183,"column":33}},{"start":{"line":184,"column":8},"end":{"line":184,"column":39}}],"line":182},"8":{"loc":{"start":{"line":215,"column":4},"end":{"line":217,"column":5}},"type":"if","locations":[{"start":{"line":215,"column":4},"end":{"line":217,"column":5}},{"start":{},"end":{}}],"line":215}},"s":{"0":0,"1":0,"2":0,"3":0,"4":0,"5":0,"6":0,"7":0,"8":0,"9":0,"10":0,"11":0,"12":0,"13":0,"14":0,"15":0,"16":0,"17":0,"18":0,"19":0,"20":0,"21":0,"22":0,"23":0,"24":0,"25":0,"26":0,"27":0,"28":0,"29":0,"30":0,"31":0,"32":0,"33":0,"34":0,"35":0,"36":0,"37":0,"38":0,"39":0,"40":0,"41":0,"42":0,"43":0,"44":0,"45":0,"46":0,"47":0,"48":0,"49":0,"50":0,"51":0,"52":0,"53":0,"54":0,"55":0,"56":0,"57":0,"58":0,"59":0,"60":0,"61":0,"62":0,"63":0,"64":0,"65":0,"66":0},"f":{"0":0,"1":0,"2":0,"3":0},"b":{"0":[0,0],"1":[0,0],"2":[0,0],"3":[0,0],"4":[0,0],"5":[0,0],"6":[0,0],"7":[0,0,0],"8":[0,0]}}
,"C:\\Users\\chait\\OneDrive\\Desktop\\RideLink\\src\\controllers\\rideController.js": {"path":"C:\\Users\\chait\\OneDrive\\Desktop\\RideLink\\src\\controllers\\rideController.js","statementMap":{"0":{"start":{"line":1,"column":28},"end":{"line":1,"column":70}},"1":{"start":{"line":2,"column":46},"end":{"line":2,"column":66}},"2":{"start":{"line":3,"column":15},"end":{"line":3,"column":35}},"3":{"start":{"line":5,"column":19},"end":{"line":5,"column":46}},"4":{"start":{"line":6,"column":45},"end":{"line":6,"column":73}},"5":{"start":{"line":7,"column":31},"end":{"line":7,"column":68}},"6":{"start":{"line":8,"column":40},"end":{"line":8,"column":72}},"7":{"start":{"line":9,"column":20},"end":{"line":9,"column":48}},"8":{"start":{"line":10,"column":22},"end":{"line":10,"column":52}},"9":{"start":{"line":11,"column":16},"end":{"line":11,"column":34}},"10":{"start":{"line":14,"column":20},"end":{"line":33,"column":1}},"11":{"start":{"line":15,"column":2},"end":{"line":32,"column":3}},"12":{"start":{"line":16,"column":36},"end":{"line":16,"column":44}},"13":{"start":{"line":17,"column":20},"end":{"line":17,"column":31}},"14":{"start":{"line":19,"column":19},"end":{"line":23,"column":5}},"15":{"start":{"line":25,"column":4},"end":{"line":28,"column":7}},"16":{"start":{"line":30,"column":4},"end":{"line":30,"column":50}},"17":{"start":{"line":31,"column":4},"end":{"line":31,"column":16}},"18":{"start":{"line":36,"column":25},"end":{"line":131,"column":1}},"19":{"start":{"line":37,"column":2},"end":{"line":130,"column":3}},"20":{"start":{"line":38,"column":23},"end":{"line":38,"column":33}},"21":{"start":{"line":39,"column":23},"end":{"line":39,"column":31}},"22":{"start":{"line":40,"column":19},"end":{"line":40,"column":30}},"23":{"start":{"line":42,"column":17},"end":{"line":47,"column":6}},"24":{"start":{"line":49,"column":4},"end":{"line":54,"column":5}},"25":{"start":{"line":50,"column":6},"end":{"line":53,"column":9}},"26":{"start":{"line":57,"column":4},"end":{"line":64,"column":5}},"27":{"start":{"line":60,"column":6},"end":{"line":63,"column":9}},"28":{"start":{"line":67,"column":29},"end":{"line":73,"column":5}},"29":{"start":{"line":75,"column":4},"end":{"line":80,"column":5}},"30":{"start":{"line":76,"column":6},"end":{"line":79,"column":9}},"31":{"start":{"line":83,"column":20},"end":{"line":83,"column":30}},"32":{"start":{"line":84,"column":4},"end":{"line":88,"column":5}},"33":{"start":{"line":85,"column":6},"end":{"line":85,"column":37}},"34":{"start":{"line":86,"column":11},"end":{"line":88,"column":5}},"35":{"start":{"line":87,"column":6},"end":{"line":87,"column":35}},"36":{"start":{"line":90,"column":4},"end":{"line":90,"column":31}},"37":{"start":{"line":93,"column":29},"end":{"line":93,"column":45}},"38":{"start":{"line":94,"column":30},"end":{"line":94,"column":60}},"39":{"start":{"line":95,"column":32},"end":{"line":95,"column":76}},"40":{"start":{"line":97,"column":4},"end":{"line":104,"column":7}},"41":{"start":{"line":107,"column":4},"end":{"line":110,"column":7}},"42":{"start":{"line":113,"column":4},"end":{"line":117,"column":7}},"43":{"start":{"line":119,"column":4},"end":{"line":122,"column":7}},"44":{"start":{"line":124,"column":4},"end":{"line":124,"column":55}},"45":{"start":{"line":125,"column":4},"end":{"line":129,"column":7}},"46":{"start":{"line":134,"column":23},"end":{"line":148,"column":1}},"47":{"start":{"line":135,"column":2},"end":{"line":147,"column":3}},"48":{"start":{"line":136,"column":21},"end":{"line":136,"column":32}},"49":{"start":{"line":137,"column":36},"end":{"line":137,"column":44}},"50":{"start":{"line":139,"column":4},"end":{"line":139,"column":82}},"51":{"start":{"line":141,"column":4},"end":{"line":143,"column":7}},"52":{"start":{"line":145,"column":4},"end":{"line":145,"column":59}},"53":{"start":{"line":146,"column":4},"end":{"line":146,"column":16}},"54":{"start":{"line":151,"column":23},"end":{"line":193,"column":1}},"55":{"start":{"line":152,"column":2},"end":{"line":192,"column":3}},"56":{"start":{"line":153,"column":23},"end":{"line":153,"column":33}},"57":{"start":{"line":154,"column":19},"end":{"line":154,"column":30}},"58":{"start":{"line":156,"column":17},"end":{"line":162,"column":6}},"59":{"start":{"line":164,"column":4},"end":{"line":169,"column":5}},"60":{"start":{"line":165,"column":6},"end":{"line":168,"column":9}},"61":{"start":{"line":172,"column":4},"end":{"line":179,"column":5}},"62":{"start":{"line":175,"column":6},"end":{"line":178,"column":9}},"63":{"start":{"line":181,"column":4},"end":{"line":184,"column":7}},"64":{"start":{"line":186,"column":4},"end":{"line":186,"column":53}},"65":{"start":{"line":187,"column":4},"end":{"line":191,"column":7}},"66":{"start":{"line":196,"column":23},"end":{"line":243,"column":1}},"67":{"start":{"line":197,"column":2},"end":{"line":242,"column":3}},"68":{"start":{"line":198,"column":19},"end":{"line":198,"column":30}},"69":{"start":{"line":199,"column":21},"end":{"line":199,"column":34}},"70":{"start":{"line":202,"column":4},"end":{"line":234,"column":5}},"71":{"start":{"line":203,"column":6},"end":{"line":217,"column":9}},"72":{"start":{"line":219,"column":6},"end":{"line":233,"column":9}},"73":{"start":{"line":236,"column":4},"end":{"line":238,"column":7}},"74":{"start":{"line":240,"column":4},"end":{"line":240,"column":55}},"75":{"start":{"line":241,"column":4},"end":{"line":241,"column":16}},"76":{"start":{"line":246,"column":23},"end":{"line":301,"column":1}},"77":{"start":{"line":247,"column":2},"end":{"line":300,"column":3}},"78":{"start":{"line":248,"column":19},"end":{"line":248,"column":30}},"79":{"start":{"line":249,"column":21},"end":{"line":249,"column":34}},"80":{"start":{"line":250,"column":37},"end":{"line":250,"column":46}},"81":{"start":{"line":253,"column":4},"end":{"line":287,"column":5}},"82":{"start":{"line":254,"column":6},"end":{"line":269,"column":9}},"83":{"start":{"line":271,"column":6},"end":{"line":286,"column":9}},"84":{"start":{"line":289,"column":4},"end":{"line":296,"column":7}},"85":{"start":{"line":298,"column":4},"end":{"line":298,"column":55}},"86":{"start":{"line":299,"column":4},"end":{"line":299,"column":16}},"87":{"start":{"line":304,"column":0},"end":{"line":398,"column":2}},"88":{"start":{"line":305,"column":2},"end":{"line":397,"column":3}},"89":{"start":{"line":306,"column":36},"end":{"line":306,"column":44}},"90":{"start":{"line":307,"column":20},"end":{"line":307,"column":31}},"91":{"start":{"line":310,"column":21},"end":{"line":310,"column":59}},"92":{"start":{"line":311,"column":17},"end":{"line":311,"column":40}},"93":{"start":{"line":314,"column":29},"end":{"line":323,"column":6}},"94":{"start":{"line":325,"column":4},"end":{"line":330,"column":5}},"95":{"start":{"line":326,"column":6},"end":{"line":329,"column":9}},"96":{"start":{"line":333,"column":17},"end":{"line":341,"column":6}},"97":{"start":{"line":344,"column":20},"end":{"line":349,"column":6}},"98":{"start":{"line":352,"column":20},"end":{"line":357,"column":6}},"99":{"start":{"line":360,"column":4},"end":{"line":367,"column":7}},"100":{"start":{"line":370,"column":4},"end":{"line":373,"column":7}},"101":{"start":{"line":376,"column":4},"end":{"line":380,"column":7}},"102":{"start":{"line":382,"column":4},"end":{"line":389,"column":7}},"103":{"start":{"line":391,"column":4},"end":{"line":391,"column":47}},"104":{"start":{"line":392,"column":4},"end":{"line":396,"column":7}},"105":{"start":{"line":400,"column":0},"end":{"line":408,"column":2}}},"fnMap":{"0":{"name":"(anonymous_0)","decl":{"start":{"line":14,"column":20},"end":{"line":14,"column":21}},"loc":{"start":{"line":14,"column":46},"end":{"line":33,"column":1}},"line":14},"1":{"name":"(anonymous_1)","decl":{"start":{"line":36,"column":25},"end":{"line":36,"column":26}},"loc":{"start":{"line":36,"column":45},"end":{"line":131,"column":1}},"line":36},"2":{"name":"(anonymous_2)","decl":{"start":{"line":134,"column":23},"end":{"line":134,"column":24}},"loc":{"start":{"line":134,"column":49},"end":{"line":148,"column":1}},"line":134},"3":{"name":"(anonymous_3)","decl":{"start":{"line":151,"column":23},"end":{"line":151,"column":24}},"loc":{"start":{"line":151,"column":43},"end":{"line":193,"column":1}},"line":151},"4":{"name":"(anonymous_4)","decl":{"start":{"line":196,"column":23},"end":{"line":196,"column":24}},"loc":{"start":{"line":196,"column":49},"end":{"line":243,"column":1}},"line":196},"5":{"name":"(anonymous_5)","decl":{"start":{"line":246,"column":23},"end":{"line":246,"column":24}},"loc":{"start":{"line":246,"column":49},"end":{"line":301,"column":1}},"line":246},"6":{"name":"(anonymous_6)","decl":{"start":{"line":304,"column":19},"end":{"line":304,"column":20}},"loc":{"start":{"line":304,"column":39},"end":{"line":398,"column":1}},"line":304}},"branchMap":{"0":{"loc":{"start":{"line":49,"column":4},"end":{"line":54,"column":5}},"type":"if","locations":[{"start":{"line":49,"column":4},"end":{"line":54,"column":5}},{"start":{},"end":{}}],"line":49},"1":{"loc":{"start":{"line":57,"column":4},"end":{"line":64,"column":5}},"type":"if","locations":[{"start":{"line":57,"column":4},"end":{"line":64,"column":5}},{"start":{},"end":{}}],"line":57},"2":{"loc":{"start":{"line":57,"column":8},"end":{"line":59,"column":31}},"type":"binary-expr","locations":[{"start":{"line":57,"column":8},"end":{"line":57,"column":33}},{"start":{"line":58,"column":8},"end":{"line":58,"column":32}},{"start":{"line":59,"column":8},"end":{"line":59,"column":31}}],"line":57},"3":{"loc":{"start":{"line":75,"column":4},"end":{"line":80,"column":5}},"type":"if","locations":[{"start":{"line":75,"column":4},"end":{"line":80,"column":5}},{"start":{},"end":{}}],"line":75},"4":{"loc":{"start":{"line":84,"column":4},"end":{"line":88,"column":5}},"type":"if","locations":[{"start":{"line":84,"column":4},"end":{"line":88,"column":5}},{"start":{"line":86,"column":11},"end":{"line":88,"column":5}}],"line":84},"5":{"loc":{"start":{"line":86,"column":11},"end":{"line":88,"column":5}},"type":"if","locations":[{"start":{"line":86,"column":11},"end":{"line":88,"column":5}},{"start":{},"end":{}}],"line":86},"6":{"loc":{"start":{"line":164,"column":4},"end":{"line":169,"column":5}},"type":"if","locations":[{"start":{"line":164,"column":4},"end":{"line":169,"column":5}},{"start":{},"end":{}}],"line":164},"7":{"loc":{"start":{"line":172,"column":4},"end":{"line":179,"column":5}},"type":"if","locations":[{"start":{"line":172,"column":4},"end":{"line":179,"column":5}},{"start":{},"end":{}}],"line":172},"8":{"loc":{"start":{"line":172,"column":8},"end":{"line":174,"column":31}},"type":"binary-expr","locations":[{"start":{"line":172,"column":8},"end":{"line":172,"column":33}},{"start":{"line":173,"column":8},"end":{"line":173,"column":32}},{"start":{"line":174,"column":8},"end":{"line":174,"column":31}}],"line":172},"9":{"loc":{"start":{"line":202,"column":4},"end":{"line":234,"column":5}},"type":"if","locations":[{"start":{"line":202,"column":4},"end":{"line":234,"column":5}},{"start":{"line":218,"column":11},"end":{"line":234,"column":5}}],"line":202},"10":{"loc":{"start":{"line":250,"column":12},"end":{"line":250,"column":20}},"type":"default-arg","locations":[{"start":{"line":250,"column":19},"end":{"line":250,"column":20}}],"line":250},"11":{"loc":{"start":{"line":250,"column":22},"end":{"line":250,"column":32}},"type":"default-arg","locations":[{"start":{"line":250,"column":30},"end":{"line":250,"column":32}}],"line":250},"12":{"loc":{"start":{"line":253,"column":4},"end":{"line":287,"column":5}},"type":"if","locations":[{"start":{"line":253,"column":4},"end":{"line":287,"column":5}},{"start":{"line":270,"column":11},"end":{"line":287,"column":5}}],"line":253},"13":{"loc":{"start":{"line":325,"column":4},"end":{"line":330,"column":5}},"type":"if","locations":[{"start":{"line":325,"column":4},"end":{"line":330,"column":5}},{"start":{},"end":{}}],"line":325}},"s":{"0":0,"1":0,"2":0,"3":0,"4":0,"5":0,"6":0,"7":0,"8":0,"9":0,"10":0,"11":0,"12":0,"13":0,"14":0,"15":0,"16":0,"17":0,"18":0,"19":0,"20":0,"21":0,"22":0,"23":0,"24":0,"25":0,"26":0,"27":0,"28":0,"29":0,"30":0,"31":0,"32":0,"33":0,"34":0,"35":0,"36":0,"37":0,"38":0,"39":0,"40":0,"41":0,"42":0,"43":0,"44":0,"45":0,"46":0,"47":0,"48":0,"49":0,"50":0,"51":0,"52":0,"53":0,"54":0,"55":0,"56":0,"57":0,"58":0,"59":0,"60":0,"61":0,"62":0,"63":0,"64":0,"65":0,"66":0,"67":0,"68":0,"69":0,"70":0,"71":0,"72":0,"73":0,"74":0,"75":0,"76":0,"77":0,"78":0,"79":0,"80":0,"81":0,"82":0,"83":0,"84":0,"85":0,"86":0,"87":0,"88":0,"89":0,"90":0,"91":0,"92":0,"93":0,"94":0,"95":0,"96":0,"97":0,"98":0,"99":0,"100":0,"101":0,"102":0,"103":0,"104":0,"105":0},"f":{"0":0,"1":0,"2":0,"3":0,"4":0,"5":0,"6":0},"b":{"0":[0,0],"1":[0,0],"2":[0,0,0],"3":[0,0],"4":[0,0],"5":[0,0],"6":[0,0],"7":[0,0],"8":[0,0,0],"9":[0,0],"10":[0],"11":[0],"12":[0,0],"13":[0,0]}}
,"C:\\Users\\chait\\OneDrive\\Desktop\\RideLink\\src\\middleware\\auth.js": {"path":"C:\\Users\\chait\\OneDrive\\Desktop\\RideLink\\src\\middleware\\auth.js","statementMap":{"0":{"start":{"line":1,"column":12},"end":{"line":1,"column":35}},"1":{"start":{"line":2,"column":17},"end":{"line":2,"column":40}},"2":{"start":{"line":3,"column":16},"end":{"line":3,"column":34}},"3":{"start":{"line":6,"column":0},"end":{"line":59,"column":2}},"4":{"start":{"line":7,"column":2},"end":{"line":58,"column":3}},"5":{"start":{"line":8,"column":23},"end":{"line":8,"column":48}},"6":{"start":{"line":9,"column":4},"end":{"line":14,"column":5}},"7":{"start":{"line":10,"column":6},"end":{"line":13,"column":9}},"8":{"start":{"line":16,"column":18},"end":{"line":16,"column":42}},"9":{"start":{"line":17,"column":20},"end":{"line":17,"column":61}},"10":{"start":{"line":19,"column":17},"end":{"line":21,"column":6}},"11":{"start":{"line":23,"column":4},"end":{"line":28,"column":5}},"12":{"start":{"line":24,"column":6},"end":{"line":27,"column":9}},"13":{"start":{"line":30,"column":4},"end":{"line":35,"column":5}},"14":{"start":{"line":31,"column":6},"end":{"line":34,"column":9}},"15":{"start":{"line":37,"column":4},"end":{"line":37,"column":20}},"16":{"start":{"line":38,"column":4},"end":{"line":38,"column":11}},"17":{"start":{"line":40,"column":4},"end":{"line":40,"column":50}},"18":{"start":{"line":41,"column":4},"end":{"line":46,"column":5}},"19":{"start":{"line":42,"column":6},"end":{"line":45,"column":9}},"20":{"start":{"line":47,"column":4},"end":{"line":52,"column":5}},"21":{"start":{"line":48,"column":6},"end":{"line":51,"column":9}},"22":{"start":{"line":53,"column":4},"end":{"line":57,"column":7}},"23":{"start":{"line":62,"column":0},"end":{"line":84,"column":2}},"24":{"start":{"line":63,"column":2},"end":{"line":65,"column":3}},"25":{"start":{"line":64,"column":4},"end":{"line":64,"column":20}},"26":{"start":{"line":67,"column":2},"end":{"line":83,"column":4}},"27":{"start":{"line":68,"column":4},"end":{"line":73,"column":5}},"28":{"start":{"line":69,"column":6},"end":{"line":72,"column":9}},"29":{"start":{"line":75,"column":4},"end":{"line":80,"column":5}},"30":{"start":{"line":76,"column":6},"end":{"line":79,"column":9}},"31":{"start":{"line":82,"column":4},"end":{"line":82,"column":11}},"32":{"start":{"line":87,"column":0},"end":{"line":124,"column":2}},"33":{"start":{"line":88,"column":2},"end":{"line":123,"column":4}},"34":{"start":{"line":89,"column":4},"end":{"line":122,"column":5}},"35":{"start":{"line":90,"column":17},"end":{"line":90,"column":36}},"36":{"start":{"line":91,"column":23},"end":{"line":91,"column":47}},"37":{"start":{"line":93,"column":6},"end":{"line":98,"column":7}},"38":{"start":{"line":94,"column":8},"end":{"line":97,"column":11}},"39":{"start":{"line":101,"column":6},"end":{"line":103,"column":7}},"40":{"start":{"line":102,"column":8},"end":{"line":102,"column":22}},"41":{"start":{"line":106,"column":22},"end":{"line":106,"column":57}},"42":{"start":{"line":107,"column":6},"end":{"line":112,"column":7}},"43":{"start":{"line":108,"column":8},"end":{"line":111,"column":11}},"44":{"start":{"line":114,"column":6},"end":{"line":114,"column":13}},"45":{"start":{"line":116,"column":6},"end":{"line":116,"column":60}},"46":{"start":{"line":117,"column":6},"end":{"line":121,"column":9}}},"fnMap":{"0":{"name":"(anonymous_0)","decl":{"start":{"line":6,"column":23},"end":{"line":6,"column":24}},"loc":{"start":{"line":6,"column":49},"end":{"line":59,"column":1}},"line":6},"1":{"name":"(anonymous_1)","decl":{"start":{"line":62,"column":20},"end":{"line":62,"column":21}},"loc":{"start":{"line":62,"column":36},"end":{"line":84,"column":1}},"line":62},"2":{"name":"(anonymous_2)","decl":{"start":{"line":67,"column":9},"end":{"line":67,"column":10}},"loc":{"start":{"line":67,"column":29},"end":{"line":83,"column":3}},"line":67},"3":{"name":"(anonymous_3)","decl":{"start":{"line":87,"column":26},"end":{"line":87,"column":27}},"loc":{"start":{"line":87,"column":46},"end":{"line":124,"column":1}},"line":87},"4":{"name":"(anonymous_4)","decl":{"start":{"line":88,"column":9},"end":{"line":88,"column":10}},"loc":{"start":{"line":88,"column":35},"end":{"line":123,"column":3}},"line":88}},"branchMap":{"0":{"loc":{"start":{"line":9,"column":4},"end":{"line":14,"column":5}},"type":"if","locations":[{"start":{"line":9,"column":4},"end":{"line":14,"column":5}},{"start":{},"end":{}}],"line":9},"1":{"loc":{"start":{"line":9,"column":8},"end":{"line":9,"column":56}},"type":"binary-expr","locations":[{"start":{"line":9,"column":8},"end":{"line":9,"column":19}},{"start":{"line":9,"column":23},"end":{"line":9,"column":56}}],"line":9},"2":{"loc":{"start":{"line":23,"column":4},"end":{"line":28,"column":5}},"type":"if","locations":[{"start":{"line":23,"column":4},"end":{"line":28,"column":5}},{"start":{},"end":{}}],"line":23},"3":{"loc":{"start":{"line":30,"column":4},"end":{"line":35,"column":5}},"type":"if","locations":[{"start":{"line":30,"column":4},"end":{"line":35,"column":5}},{"start":{},"end":{}}],"line":30},"4":{"loc":{"start":{"line":41,"column":4},"end":{"line":46,"column":5}},"type":"if","locations":[{"start":{"line":41,"column":4},"end":{"line":46,"column":5}},{"start":{},"end":{}}],"line":41},"5":{"loc":{"start":{"line":47,"column":4},"end":{"line":52,"column":5}},"type":"if","locations":[{"start":{"line":47,"column":4},"end":{"line":52,"column":5}},{"start":{},"end":{}}],"line":47},"6":{"loc":{"start":{"line":62,"column":21},"end":{"line":62,"column":31}},"type":"default-arg","locations":[{"start":{"line":62,"column":29},"end":{"line":62,"column":31}}],"line":62},"7":{"loc":{"start":{"line":63,"column":2},"end":{"line":65,"column":3}},"type":"if","locations":[{"start":{"line":63,"column":2},"end":{"line":65,"column":3}},{"start":{},"end":{}}],"line":63},"8":{"loc":{"start":{"line":68,"column":4},"end":{"line":73,"column":5}},"type":"if","locations":[{"start":{"line":68,"column":4},"end":{"line":73,"column":5}},{"start":{},"end":{}}],"line":68},"9":{"loc":{"start":{"line":75,"column":4},"end":{"line":80,"column":5}},"type":"if","locations":[{"start":{"line":75,"column":4},"end":{"line":80,"column":5}},{"start":{},"end":{}}],"line":75},"10":{"loc":{"start":{"line":75,"column":8},"end":{"line":75,"column":54}},"type":"binary-expr","locations":[{"start":{"line":75,"column":8},"end":{"line":75,"column":20}},{"start":{"line":75,"column":24},"end":{"line":75,"column":54}}],"line":75},"11":{"loc":{"start":{"line":93,"column":6},"end":{"line":98,"column":7}},"type":"if","locations":[{"start":{"line":93,"column":6},"end":{"line":98,"column":7}},{"start":{},"end":{}}],"line":93},"12":{"loc":{"start":{"line":101,"column":6},"end":{"line":103,"column":7}},"type":"if","locations":[{"start":{"line":101,"column":6},"end":{"line":103,"column":7}},{"start":{},"end":{}}],"line":101},"13":{"loc":{"start":{"line":106,"column":22},"end":{"line":106,"column":57}},"type":"binary-expr","locations":[{"start":{"line":106,"column":22},"end":{"line":106,"column":37}},{"start":{"line":106,"column":41},"end":{"line":106,"column":57}}],"line":106},"14":{"loc":{"start":{"line":107,"column":6},"end":{"line":112,"column":7}},"type":"if","locations":[{"start":{"line":107,"column":6},"end":{"line":112,"column":7}},{"start":{},"end":{}}],"line":107}},"s":{"0":0,"1":0,"2":0,"3":0,"4":0,"5":0,"6":0,"7":0,"8":0,"9":0,"10":0,"11":0,"12":0,"13":0,"14":0,"15":0,"16":0,"17":0,"18":0,"19":0,"20":0,"21":0,"22":0,"23":0,"24":0,"25":0,"26":0,"27":0,"28":0,"29":0,"30":0,"31":0,"32":0,"33":0,"34":0,"35":0,"36":0,"37":0,"38":0,"39":0,"40":0,"41":0,"42":0,"43":0,"44":0,"45":0,"46":0},"f":{"0":0,"1":0,"2":0,"3":0,"4":0},"b":{"0":[0,0],"1":[0,0],"2":[0,0],"3":[0,0],"4":[0,0],"5":[0,0],"6":[0],"7":[0,0],"8":[0,0],"9":[0,0],"10":[0,0],"11":[0,0],"12":[0,0],"13":[0,0],"14":[0,0]}}
,"C:\\Users\\chait\\OneDrive\\Desktop\\RideLink\\src\\middleware\\authMiddleware.js": {"path":"C:\\Users\\chait\\OneDrive\\Desktop\\RideLink\\src\\middleware\\authMiddleware.js","statementMap":{"0":{"start":{"line":1,"column":24},"end":{"line":1,"column":54}},"1":{"start":{"line":2,"column":52},"end":{"line":2,"column":77}},"2":{"start":{"line":3,"column":19},"end":{"line":3,"column":46}},"3":{"start":{"line":5,"column":21},"end":{"line":26,"column":1}},"4":{"start":{"line":6,"column":2},"end":{"line":25,"column":3}},"5":{"start":{"line":7,"column":23},"end":{"line":7,"column":48}},"6":{"start":{"line":8,"column":4},"end":{"line":10,"column":5}},"7":{"start":{"line":9,"column":6},"end":{"line":9,"column":57}},"8":{"start":{"line":12,"column":18},"end":{"line":12,"column":42}},"9":{"start":{"line":13,"column":20},"end":{"line":13,"column":54}},"10":{"start":{"line":16,"column":4},"end":{"line":19,"column":6}},"11":{"start":{"line":21,"column":4},"end":{"line":21,"column":11}},"12":{"start":{"line":23,"column":4},"end":{"line":23,"column":49}},"13":{"start":{"line":24,"column":4},"end":{"line":24,"column":16}},"14":{"start":{"line":28,"column":20},"end":{"line":45,"column":1}},"15":{"start":{"line":29,"column":2},"end":{"line":44,"column":4}},"16":{"start":{"line":30,"column":4},"end":{"line":43,"column":5}},"17":{"start":{"line":31,"column":6},"end":{"line":33,"column":7}},"18":{"start":{"line":32,"column":8},"end":{"line":32,"column":65}},"19":{"start":{"line":35,"column":6},"end":{"line":37,"column":7}},"20":{"start":{"line":36,"column":8},"end":{"line":36,"column":65}},"21":{"start":{"line":39,"column":6},"end":{"line":39,"column":13}},"22":{"start":{"line":41,"column":6},"end":{"line":41,"column":47}},"23":{"start":{"line":42,"column":6},"end":{"line":42,"column":18}},"24":{"start":{"line":47,"column":24},"end":{"line":62,"column":1}},"25":{"start":{"line":48,"column":2},"end":{"line":61,"column":3}},"26":{"start":{"line":49,"column":4},"end":{"line":51,"column":5}},"27":{"start":{"line":50,"column":6},"end":{"line":50,"column":63}},"28":{"start":{"line":53,"column":4},"end":{"line":55,"column":5}},"29":{"start":{"line":54,"column":6},"end":{"line":54,"column":66}},"30":{"start":{"line":57,"column":4},"end":{"line":57,"column":11}},"31":{"start":{"line":59,"column":4},"end":{"line":59,"column":53}},"32":{"start":{"line":60,"column":4},"end":{"line":60,"column":16}},"33":{"start":{"line":64,"column":21},"end":{"line":85,"column":1}},"34":{"start":{"line":65,"column":2},"end":{"line":84,"column":3}},"35":{"start":{"line":66,"column":23},"end":{"line":66,"column":48}},"36":{"start":{"line":67,"column":4},"end":{"line":69,"column":5}},"37":{"start":{"line":68,"column":6},"end":{"line":68,"column":20}},"38":{"start":{"line":71,"column":18},"end":{"line":71,"column":42}},"39":{"start":{"line":72,"column":20},"end":{"line":72,"column":54}},"40":{"start":{"line":75,"column":4},"end":{"line":78,"column":6}},"41":{"start":{"line":80,"column":4},"end":{"line":80,"column":11}},"42":{"start":{"line":83,"column":4},"end":{"line":83,"column":11}},"43":{"start":{"line":87,"column":0},"end":{"line":92,"column":2}}},"fnMap":{"0":{"name":"(anonymous_0)","decl":{"start":{"line":5,"column":21},"end":{"line":5,"column":22}},"loc":{"start":{"line":5,"column":47},"end":{"line":26,"column":1}},"line":5},"1":{"name":"(anonymous_1)","decl":{"start":{"line":28,"column":20},"end":{"line":28,"column":21}},"loc":{"start":{"line":28,"column":31},"end":{"line":45,"column":1}},"line":28},"2":{"name":"(anonymous_2)","decl":{"start":{"line":29,"column":9},"end":{"line":29,"column":10}},"loc":{"start":{"line":29,"column":29},"end":{"line":44,"column":3}},"line":29},"3":{"name":"(anonymous_3)","decl":{"start":{"line":47,"column":24},"end":{"line":47,"column":25}},"loc":{"start":{"line":47,"column":44},"end":{"line":62,"column":1}},"line":47},"4":{"name":"(anonymous_4)","decl":{"start":{"line":64,"column":21},"end":{"line":64,"column":22}},"loc":{"start":{"line":64,"column":47},"end":{"line":85,"column":1}},"line":64}},"branchMap":{"0":{"loc":{"start":{"line":8,"column":4},"end":{"line":10,"column":5}},"type":"if","locations":[{"start":{"line":8,"column":4},"end":{"line":10,"column":5}},{"start":{},"end":{}}],"line":8},"1":{"loc":{"start":{"line":8,"column":8},"end":{"line":8,"column":56}},"type":"binary-expr","locations":[{"start":{"line":8,"column":8},"end":{"line":8,"column":19}},{"start":{"line":8,"column":23},"end":{"line":8,"column":56}}],"line":8},"2":{"loc":{"start":{"line":31,"column":6},"end":{"line":33,"column":7}},"type":"if","locations":[{"start":{"line":31,"column":6},"end":{"line":33,"column":7}},{"start":{},"end":{}}],"line":31},"3":{"loc":{"start":{"line":35,"column":6},"end":{"line":37,"column":7}},"type":"if","locations":[{"start":{"line":35,"column":6},"end":{"line":37,"column":7}},{"start":{},"end":{}}],"line":35},"4":{"loc":{"start":{"line":49,"column":4},"end":{"line":51,"column":5}},"type":"if","locations":[{"start":{"line":49,"column":4},"end":{"line":51,"column":5}},{"start":{},"end":{}}],"line":49},"5":{"loc":{"start":{"line":53,"column":4},"end":{"line":55,"column":5}},"type":"if","locations":[{"start":{"line":53,"column":4},"end":{"line":55,"column":5}},{"start":{},"end":{}}],"line":53},"6":{"loc":{"start":{"line":67,"column":4},"end":{"line":69,"column":5}},"type":"if","locations":[{"start":{"line":67,"column":4},"end":{"line":69,"column":5}},{"start":{},"end":{}}],"line":67},"7":{"loc":{"start":{"line":67,"column":8},"end":{"line":67,"column":56}},"type":"binary-expr","locations":[{"start":{"line":67,"column":8},"end":{"line":67,"column":19}},{"start":{"line":67,"column":23},"end":{"line":67,"column":56}}],"line":67}},"s":{"0":0,"1":0,"2":0,"3":0,"4":0,"5":0,"6":0,"7":0,"8":0,"9":0,"10":0,"11":0,"12":0,"13":0,"14":0,"15":0,"16":0,"17":0,"18":0,"19":0,"20":0,"21":0,"22":0,"23":0,"24":0,"25":0,"26":0,"27":0,"28":0,"29":0,"30":0,"31":0,"32":0,"33":0,"34":0,"35":0,"36":0,"37":0,"38":0,"39":0,"40":0,"41":0,"42":0,"43":0},"f":{"0":0,"1":0,"2":0,"3":0,"4":0},"b":{"0":[0,0],"1":[0,0],"2":[0,0],"3":[0,0],"4":[0,0],"5":[0,0],"6":[0,0],"7":[0,0]}}
,"C:\\Users\\chait\\OneDrive\\Desktop\\RideLink\\src\\middleware\\compression.js": {"path":"C:\\Users\\chait\\OneDrive\\Desktop\\RideLink\\src\\middleware\\compression.js","statementMap":{"0":{"start":{"line":1,"column":20},"end":{"line":1,"column":42}},"1":{"start":{"line":4,"column":27},"end":{"line":16,"column":1}},"2":{"start":{"line":9,"column":4},"end":{"line":11,"column":5}},"3":{"start":{"line":10,"column":6},"end":{"line":10,"column":19}},"4":{"start":{"line":12,"column":4},"end":{"line":12,"column":40}},"5":{"start":{"line":19,"column":30},"end":{"line":19,"column":61}},"6":{"start":{"line":21,"column":0},"end":{"line":21,"column":39}}},"fnMap":{"0":{"name":"(anonymous_0)","decl":{"start":{"line":8,"column":10},"end":{"line":8,"column":11}},"loc":{"start":{"line":8,"column":24},"end":{"line":13,"column":3}},"line":8}},"branchMap":{"0":{"loc":{"start":{"line":9,"column":4},"end":{"line":11,"column":5}},"type":"if","locations":[{"start":{"line":9,"column":4},"end":{"line":11,"column":5}},{"start":{},"end":{}}],"line":9}},"s":{"0":0,"1":0,"2":0,"3":0,"4":0,"5":0,"6":0},"f":{"0":0},"b":{"0":[0,0]}}
,"C:\\Users\\chait\\OneDrive\\Desktop\\RideLink\\src\\middleware\\cors.js": {"path":"C:\\Users\\chait\\OneDrive\\Desktop\\RideLink\\src\\middleware\\cors.js","statementMap":{"0":{"start":{"line":1,"column":13},"end":{"line":1,"column":28}},"1":{"start":{"line":4,"column":20},"end":{"line":37,"column":1}},"2":{"start":{"line":6,"column":27},"end":{"line":10,"column":5}},"3":{"start":{"line":13,"column":4},"end":{"line":15,"column":5}},"4":{"start":{"line":14,"column":6},"end":{"line":14,"column":34}},"5":{"start":{"line":17,"column":4},"end":{"line":22,"column":5}},"6":{"start":{"line":18,"column":6},"end":{"line":21,"column":8}},"7":{"start":{"line":24,"column":4},"end":{"line":24,"column":32}},"8":{"start":{"line":40,"column":23},"end":{"line":40,"column":40}},"9":{"start":{"line":42,"column":0},"end":{"line":42,"column":32}}},"fnMap":{"0":{"name":"(anonymous_0)","decl":{"start":{"line":5,"column":10},"end":{"line":5,"column":11}},"loc":{"start":{"line":5,"column":32},"end":{"line":25,"column":3}},"line":5}},"branchMap":{"0":{"loc":{"start":{"line":13,"column":4},"end":{"line":15,"column":5}},"type":"if","locations":[{"start":{"line":13,"column":4},"end":{"line":15,"column":5}},{"start":{},"end":{}}],"line":13},"1":{"loc":{"start":{"line":17,"column":4},"end":{"line":22,"column":5}},"type":"if","locations":[{"start":{"line":17,"column":4},"end":{"line":22,"column":5}},{"start":{},"end":{}}],"line":17}},"s":{"0":0,"1":0,"2":0,"3":0,"4":0,"5":0,"6":0,"7":0,"8":0,"9":0},"f":{"0":0},"b":{"0":[0,0],"1":[0,0]}}
,"C:\\Users\\chait\\OneDrive\\Desktop\\RideLink\\src\\middleware\\errorHandler.js": {"path":"C:\\Users\\chait\\OneDrive\\Desktop\\RideLink\\src\\middleware\\errorHandler.js","statementMap":{"0":{"start":{"line":1,"column":16},"end":{"line":1,"column":34}},"1":{"start":{"line":6,"column":4},"end":{"line":6,"column":19}},"2":{"start":{"line":7,"column":4},"end":{"line":7,"column":34}},"3":{"start":{"line":8,"column":4},"end":{"line":8,"column":22}},"4":{"start":{"line":14,"column":4},"end":{"line":14,"column":19}},"5":{"start":{"line":15,"column":4},"end":{"line":15,"column":38}},"6":{"start":{"line":16,"column":4},"end":{"line":16,"column":22}},"7":{"start":{"line":22,"column":4},"end":{"line":22,"column":19}},"8":{"start":{"line":23,"column":4},"end":{"line":23,"column":37}},"9":{"start":{"line":24,"column":4},"end":{"line":24,"column":22}},"10":{"start":{"line":30,"column":4},"end":{"line":30,"column":19}},"11":{"start":{"line":31,"column":4},"end":{"line":31,"column":32}},"12":{"start":{"line":32,"column":4},"end":{"line":32,"column":22}},"13":{"start":{"line":38,"column":4},"end":{"line":38,"column":19}},"14":{"start":{"line":39,"column":4},"end":{"line":39,"column":32}},"15":{"start":{"line":40,"column":4},"end":{"line":40,"column":22}},"16":{"start":{"line":45,"column":21},"end":{"line":121,"column":1}},"17":{"start":{"line":46,"column":2},"end":{"line":55,"column":5}},"18":{"start":{"line":58,"column":2},"end":{"line":67,"column":3}},"19":{"start":{"line":59,"column":4},"end":{"line":66,"column":7}},"20":{"start":{"line":62,"column":35},"end":{"line":65,"column":7}},"21":{"start":{"line":69,"column":2},"end":{"line":78,"column":3}},"22":{"start":{"line":70,"column":4},"end":{"line":77,"column":7}},"23":{"start":{"line":73,"column":35},"end":{"line":76,"column":7}},"24":{"start":{"line":81,"column":2},"end":{"line":86,"column":3}},"25":{"start":{"line":82,"column":4},"end":{"line":85,"column":7}},"26":{"start":{"line":88,"column":2},"end":{"line":93,"column":3}},"27":{"start":{"line":89,"column":4},"end":{"line":92,"column":7}},"28":{"start":{"line":96,"column":2},"end":{"line":105,"column":3}},"29":{"start":{"line":101,"column":4},"end":{"line":104,"column":7}},"30":{"start":{"line":108,"column":2},"end":{"line":113,"column":3}},"31":{"start":{"line":109,"column":4},"end":{"line":112,"column":7}},"32":{"start":{"line":116,"column":2},"end":{"line":120,"column":5}},"33":{"start":{"line":123,"column":0},"end":{"line":130,"column":2}}},"fnMap":{"0":{"name":"(anonymous_0)","decl":{"start":{"line":5,"column":2},"end":{"line":5,"column":3}},"loc":{"start":{"line":5,"column":23},"end":{"line":9,"column":3}},"line":5},"1":{"name":"(anonymous_1)","decl":{"start":{"line":13,"column":2},"end":{"line":13,"column":3}},"loc":{"start":{"line":13,"column":23},"end":{"line":17,"column":3}},"line":13},"2":{"name":"(anonymous_2)","decl":{"start":{"line":21,"column":2},"end":{"line":21,"column":3}},"loc":{"start":{"line":21,"column":23},"end":{"line":25,"column":3}},"line":21},"3":{"name":"(anonymous_3)","decl":{"start":{"line":29,"column":2},"end":{"line":29,"column":3}},"loc":{"start":{"line":29,"column":23},"end":{"line":33,"column":3}},"line":29},"4":{"name":"(anonymous_4)","decl":{"start":{"line":37,"column":2},"end":{"line":37,"column":3}},"loc":{"start":{"line":37,"column":23},"end":{"line":41,"column":3}},"line":37},"5":{"name":"(anonymous_5)","decl":{"start":{"line":45,"column":21},"end":{"line":45,"column":22}},"loc":{"start":{"line":45,"column":46},"end":{"line":121,"column":1}},"line":45},"6":{"name":"(anonymous_6)","decl":{"start":{"line":62,"column":29},"end":{"line":62,"column":30}},"loc":{"start":{"line":62,"column":35},"end":{"line":65,"column":7}},"line":62},"7":{"name":"(anonymous_7)","decl":{"start":{"line":73,"column":29},"end":{"line":73,"column":30}},"loc":{"start":{"line":73,"column":35},"end":{"line":76,"column":7}},"line":73}},"branchMap":{"0":{"loc":{"start":{"line":54,"column":10},"end":{"line":54,"column":39}},"type":"cond-expr","locations":[{"start":{"line":54,"column":21},"end":{"line":54,"column":32}},{"start":{"line":54,"column":35},"end":{"line":54,"column":39}}],"line":54},"1":{"loc":{"start":{"line":58,"column":2},"end":{"line":67,"column":3}},"type":"if","locations":[{"start":{"line":58,"column":2},"end":{"line":67,"column":3}},{"start":{},"end":{}}],"line":58},"2":{"loc":{"start":{"line":69,"column":2},"end":{"line":78,"column":3}},"type":"if","locations":[{"start":{"line":69,"column":2},"end":{"line":78,"column":3}},{"start":{},"end":{}}],"line":69},"3":{"loc":{"start":{"line":81,"column":2},"end":{"line":86,"column":3}},"type":"if","locations":[{"start":{"line":81,"column":2},"end":{"line":86,"column":3}},{"start":{},"end":{}}],"line":81},"4":{"loc":{"start":{"line":88,"column":2},"end":{"line":93,"column":3}},"type":"if","locations":[{"start":{"line":88,"column":2},"end":{"line":93,"column":3}},{"start":{},"end":{}}],"line":88},"5":{"loc":{"start":{"line":96,"column":2},"end":{"line":105,"column":3}},"type":"if","locations":[{"start":{"line":96,"column":2},"end":{"line":105,"column":3}},{"start":{},"end":{}}],"line":96},"6":{"loc":{"start":{"line":96,"column":6},"end":{"line":100,"column":34}},"type":"binary-expr","locations":[{"start":{"line":96,"column":6},"end":{"line":96,"column":36}},{"start":{"line":97,"column":6},"end":{"line":97,"column":40}},{"start":{"line":98,"column":6},"end":{"line":98,"column":39}},{"start":{"line":99,"column":6},"end":{"line":99,"column":34}},{"start":{"line":100,"column":6},"end":{"line":100,"column":34}}],"line":96},"7":{"loc":{"start":{"line":108,"column":2},"end":{"line":113,"column":3}},"type":"if","locations":[{"start":{"line":108,"column":2},"end":{"line":113,"column":3}},{"start":{},"end":{}}],"line":108},"8":{"loc":{"start":{"line":108,"column":6},"end":{"line":108,"column":47}},"type":"binary-expr","locations":[{"start":{"line":108,"column":6},"end":{"line":108,"column":14}},{"start":{"line":108,"column":18},"end":{"line":108,"column":47}}],"line":108},"9":{"loc":{"start":{"line":119,"column":11},"end":{"line":119,"column":75}},"type":"cond-expr","locations":[{"start":{"line":119,"column":52},"end":{"line":119,"column":63}},{"start":{"line":119,"column":66},"end":{"line":119,"column":75}}],"line":119}},"s":{"0":0,"1":0,"2":0,"3":0,"4":0,"5":0,"6":0,"7":0,"8":0,"9":0,"10":0,"11":0,"12":0,"13":0,"14":0,"15":0,"16":0,"17":0,"18":0,"19":0,"20":0,"21":0,"22":0,"23":0,"24":0,"25":0,"26":0,"27":0,"28":0,"29":0,"30":0,"31":0,"32":0,"33":0},"f":{"0":0,"1":0,"2":0,"3":0,"4":0,"5":0,"6":0,"7":0},"b":{"0":[0,0],"1":[0,0],"2":[0,0],"3":[0,0],"4":[0,0],"5":[0,0],"6":[0,0,0,0,0],"7":[0,0],"8":[0,0],"9":[0,0]}}
,"C:\\Users\\chait\\OneDrive\\Desktop\\RideLink\\src\\middleware\\logger.js": {"path":"C:\\Users\\chait\\OneDrive\\Desktop\\RideLink\\src\\middleware\\logger.js","statementMap":{"0":{"start":{"line":1,"column":16},"end":{"line":1,"column":34}},"1":{"start":{"line":2,"column":15},"end":{"line":2,"column":32}},"2":{"start":{"line":5,"column":15},"end":{"line":15,"column":2}},"3":{"start":{"line":18,"column":0},"end":{"line":25,"column":1}},"4":{"start":{"line":19,"column":2},"end":{"line":24,"column":6}},"5":{"start":{"line":28,"column":21},"end":{"line":32,"column":1}},"6":{"start":{"line":30,"column":4},"end":{"line":30,"column":32}},"7":{"start":{"line":35,"column":25},"end":{"line":38,"column":1}},"8":{"start":{"line":41,"column":22},"end":{"line":57,"column":1}},"9":{"start":{"line":42,"column":16},"end":{"line":42,"column":26}},"10":{"start":{"line":44,"column":2},"end":{"line":54,"column":5}},"11":{"start":{"line":45,"column":21},"end":{"line":45,"column":39}},"12":{"start":{"line":46,"column":4},"end":{"line":53,"column":7}},"13":{"start":{"line":56,"column":2},"end":{"line":56,"column":9}},"14":{"start":{"line":60,"column":20},"end":{"line":72,"column":1}},"15":{"start":{"line":61,"column":2},"end":{"line":69,"column":5}},"16":{"start":{"line":71,"column":2},"end":{"line":71,"column":12}},"17":{"start":{"line":74,"column":0},"end":{"line":79,"column":2}}},"fnMap":{"0":{"name":"(anonymous_0)","decl":{"start":{"line":29,"column":9},"end":{"line":29,"column":10}},"loc":{"start":{"line":29,"column":22},"end":{"line":31,"column":3}},"line":29},"1":{"name":"(anonymous_1)","decl":{"start":{"line":41,"column":22},"end":{"line":41,"column":23}},"loc":{"start":{"line":41,"column":42},"end":{"line":57,"column":1}},"line":41},"2":{"name":"(anonymous_2)","decl":{"start":{"line":44,"column":19},"end":{"line":44,"column":20}},"loc":{"start":{"line":44,"column":25},"end":{"line":54,"column":3}},"line":44},"3":{"name":"(anonymous_3)","decl":{"start":{"line":60,"column":20},"end":{"line":60,"column":21}},"loc":{"start":{"line":60,"column":45},"end":{"line":72,"column":1}},"line":60}},"branchMap":{"0":{"loc":{"start":{"line":6,"column":9},"end":{"line":6,"column":65}},"type":"cond-expr","locations":[{"start":{"line":6,"column":49},"end":{"line":6,"column":55}},{"start":{"line":6,"column":58},"end":{"line":6,"column":65}}],"line":6},"1":{"loc":{"start":{"line":18,"column":0},"end":{"line":25,"column":1}},"type":"if","locations":[{"start":{"line":18,"column":0},"end":{"line":25,"column":1}},{"start":{},"end":{}}],"line":18},"2":{"loc":{"start":{"line":51,"column":12},"end":{"line":51,"column":48}},"type":"cond-expr","locations":[{"start":{"line":51,"column":23},"end":{"line":51,"column":34}},{"start":{"line":51,"column":37},"end":{"line":51,"column":48}}],"line":51},"3":{"loc":{"start":{"line":66,"column":12},"end":{"line":66,"column":29}},"type":"binary-expr","locations":[{"start":{"line":66,"column":12},"end":{"line":66,"column":22}},{"start":{"line":66,"column":26},"end":{"line":66,"column":29}}],"line":66},"4":{"loc":{"start":{"line":67,"column":10},"end":{"line":67,"column":46}},"type":"cond-expr","locati
[...]
,"C:\\Users\\chait\\OneDrive\\Desktop\\RideLink\\src\\utils\\notificationUtils.js": {"path":"C:\\Users\\chait\\OneDrive\\Desktop\\RideLink\\src\\utils\\notificationUtils.js","statementMap":{"0":{"start":{"line":1,"column":31},"end":{"line":1,"column":79}},"1":{"start":{"line":2,"column":16},"end":{"line":2,"column":34}},"2":{"start":{"line":5,"column":0},"end":{"line":28,"column":2}},"3":{"start":{"line":14,"column":2},"end":{"line":27,"column":3}},"4":{"start":{"line":15,"column":4},"end":{"line":23,"column":7}},"5":{"start":{"line":25,"column":4},"end":{"line":25,"column":57}},"6":{"start":{"line":26,"column":4},"end":{"line":26,"column":16}},"7":{"start":{"line":31,"column":0},"end":{"line":77,"column":2}},"8":{"start":{"line":32,"column":2},"end":{"line":76,"column":3}},"9":{"start":{"line":33,"column":30},"end":{"line":54,"column":5}},"10":{"start":{"line":56,"column":25},"end":{"line":56,"column":48}},"11":{"start":{"line":57,"column":4},"end":{"line":59,"column":5}},"12":{"start":{"line":58,"column":6},"end":{"line":58,"column":60}},"13":{"start":{"line":61,"column":20},"end":{"line":63,"column":28}},"14":{"start":{"line":65,"column":4},"end":{"line":72,"column":7}},"15":{"start":{"line":74,"column":4},"end":{"line":74,"column":62}},"16":{"start":{"line":75,"column":4},"end":{"line":75,"column":16}},"17":{"start":{"line":80,"column":0},"end":{"line":114,"column":2}},"18":{"start":{"line":81,"column":2},"end":{"line":113,"column":3}},"19":{"start":{"line":82,"column":30},"end":{"line":95,"column":5}},"20":{"start":{"line":97,"column":25},"end":{"line":97,"column":48}},"21":{"start":{"line":98,"column":4},"end":{"line":100,"column":5}},"22":{"start":{"line":99,"column":6},"end":{"line":99,"column":60}},"23":{"start":{"line":102,"column":4},"end":{"line":109,"column":7}},"24":{"start":{"line":111,"column":4},"end":{"line":111,"column":65}},"25":{"start":{"line":112,"column":4},"end":{"line":112,"column":16}}},"fnMap":{"0":{"name":"(anonymous_0)","decl":{"start":{"line":5,"column":29},"end":{"line":5,"column":30}},"loc":{"start":{"line":13,"column":6},"end":{"line":28,"column":1}},"line":13},"1":{"name":"(anonymous_1)","decl":{"start":{"line":31,"column":33},"end":{"line":31,"column":34}},"loc":{"start":{"line":31,"column":79},"end":{"line":77,"column":1}},"line":31},"2":{"name":"(anonymous_2)","decl":{"start":{"line":80,"column":36},"end":{"line":80,"column":37}},"loc":{"start":{"line":80,"column":61},"end":{"line":114,"column":1}},"line":80}},"branchMap":{"0":{"loc":{"start":{"line":11,"column":2},"end":{"line":11,"column":20}},"type":"default-arg","locations":[{"start":{"line":11,"column":12},"end":{"line":11,"column":20}}],"line":11},"1":{"loc":{"start":{"line":12,"column":2},"end":{"line":12,"column":15}},"type":"default-arg","locations":[{"start":{"line":12,"column":13},"end":{"line":12,"column":15}}],"line":12},"2":{"loc":{"start":{"line":31,"column":52},"end":{"line":31,"column":74}},"type":"default-arg","locations":[{"start":{"line":31,"column":72},"end":{"line":31,"column":74}}],"line":31},"3":{"loc":{"start":{"line":57,"column":4},"end":{"line":59,"column":5}},"type":"if","locations":[{"start":{"line":57,"column":4},"end":{"line":59,"column":5}},{"start":{},"end":{}}],"line":57},"4":{"loc":{"start":{"line":61,"column":20},"end":{"line":63,"column":28}},"type":"cond-expr","locations":[{"start":{"line":62,"column":8},"end":{"line":62,"column":54}},{"start":{"line":63,"column":8},"end":{"line":63,"column":28}}],"line":61},"5":{"loc":{"start":{"line":98,"column":4},"end":{"line":100,"column":5}},"type":"if","locations":[{"start":{"line":98,"column":4},"end":{"line":100,"column":5}},{"start":{},"end":{}}],"line":98}},"s":{"0":0,"1":0,"2":0,"3":0,"4":0,"5":0,"6":0,"7":0,"8":0,"9":0,"10":0,"11":0,"12":0,"13":0,"14":0,"15":0,"16":0,"17":0,"18":0,"19":0,"20":0,"21":0,"22":0,"23":0,"24":0,"25":0},"f":{"0":0,"1":0,"2":0},"b":{"0":[0],"1":[0],"2":[0],"3":[0,0],"4":[0,0],"5":[0,0]}}
,"C:\\Users\\chait\\OneDrive\\Desktop\\RideLink\\src\\utils\\smsUtils.js": {"path":"C:\\Users\\chait\\OneDrive\\Desktop\\RideLink\\src\\utils\\smsUtils.js","statementMap":{"0":{"start":{"line":1,"column":15},"end":{"line":1,"column":32}},"1":{"start":{"line":2,"column":16},"end":{"line":2,"column":34}},"2":{"start":{"line":4,"column":15},"end":{"line":7,"column":1}},"3":{"start":{"line":10,"column":0},"end":{"line":29,"column":2}},"4":{"start":{"line":11,"column":2},"end":{"line":28,"column":3}},"5":{"start":{"line":12,"column":4},"end":{"line":15,"column":5}},"6":{"start":{"line":13,"column":6},"end":{"line":13,"column":73}},"7":{"start":{"line":14,"column":6},"end":{"line":14,"column":76}},"8":{"start":{"line":17,"column":19},"end":{"line":21,"column":6}},"9":{"start":{"line":23,"column":4},"end":{"line":23,"column":74}},"10":{"start":{"line":24,"column":4},"end":{"line":24,"column":52}},"11":{"start":{"line":26,"column":4},"end":{"line":26,"column":47}},"12":{"start":{"line":27,"column":4},"end":{"line":27,"column":16}},"13":{"start":{"line":32,"column":0},"end":{"line":49,"column":2}},"14":{"start":{"line":33,"column":2},"end":{"line":48,"column":3}},"15":{"start":{"line":34,"column":20},"end":{"line":39,"column":40}},"16":{"start":{"line":41,"column":4},"end":{"line":44,"column":7}},"17":{"start":{"line":46,"column":4},"end":{"line":46,"column":65}},"18":{"start":{"line":47,"column":4},"end":{"line":47,"column":16}},"19":{"start":{"line":52,"column":0},"end":{"line":74,"column":2}},"20":{"start":{"line":53,"column":2},"end":{"line":73,"column":3}},"21":{"start":{"line":54,"column":27},"end":{"line":59,"column":5}},"22":{"start":{"line":61,"column":20},"end":{"line":61,"column":42}},"23":{"start":{"line":62,"column":4},"end":{"line":64,"column":5}},"24":{"start":{"line":63,"column":6},"end":{"line":63,"column":56}},"25":{"start":{"line":66,"column":4},"end":{"line":69,"column":7}},"26":{"start":{"line":71,"column":4},"end":{"line":71,"column":59}},"27":{"start":{"line":72,"column":4},"end":{"line":72,"column":16}},"28":{"start":{"line":77,"column":0},"end":{"line":93,"column":2}},"29":{"start":{"line":78,"column":2},"end":{"line":92,"column":3}},"30":{"start":{"line":79,"column":20},"end":{"line":83,"column":42}},"31":{"start":{"line":85,"column":4},"end":{"line":88,"column":7}},"32":{"start":{"line":90,"column":4},"end":{"line":90,"column":68}},"33":{"start":{"line":91,"column":4},"end":{"line":91,"column":16}}},"fnMap":{"0":{"name":"(anonymous_0)","decl":{"start":{"line":10,"column":18},"end":{"line":10,"column":19}},"loc":{"start":{"line":10,"column":45},"end":{"line":29,"column":1}},"line":10},"1":{"name":"(anonymous_1)","decl":{"start":{"line":32,"column":34},"end":{"line":32,"column":35}},"loc":{"start":{"line":32,"column":56},"end":{"line":49,"column":1}},"line":32},"2":{"name":"(anonymous_2)","decl":{"start":{"line":52,"column":28},"end":{"line":52,"column":29}},"loc":{"start":{"line":52,"column":58},"end":{"line":74,"column":1}},"line":52},"3":{"name":"(anonymous_3)","decl":{"start":{"line":77,"column":37},"end":{"line":77,"column":38}},"loc":{"start":{"line":77,"column":62},"end":{"line":93,"column":1}},"line":77}},"branchMap":{"0":{"loc":{"start":{"line":12,"column":4},"end":{"line":15,"column":5}},"type":"if","locations":[{"start":{"line":12,"column":4},"end":{"line":15,"column":5}},{"start":{},"end":{}}],"line":12},"1":{"loc":{"start":{"line":62,"column":4},"end":{"line":64,"column":5}},"type":"if","locations":[{"start":{"line":62,"column":4},"end":{"line":64,"column":5}},{"start":{},"end":{}}],"line":62}},"s":{"0":0,"1":0,"2":0,"3":0,"4":0,"5":0,"6":0,"7":0,"8":0,"9":0,"10":0,"11":0,"12":0,"13":0,"14":0,"15":0,"16":0,"17":0,"18":0,"19":0,"20":0,"21":0,"22":0,"23":0,"24":0,"25":0,"26":0,"27":0,"28":0,"29":0,"30":0,"31":0,"32":0,"33":0},"f":{"0":0,"1":0,"2":0,"3":0},"b":{"0":[0,0],"1":[0,0]}}
,"C:\\Users\\chait\\OneDrive\\Desktop\\RideLink\\src\\utils\\tokenUtils.js": {"path":"C:\\Users\\chait\\OneDrive\\Desktop\\RideLink\\src\\utils\\tokenUtils.js","statementMap":{"0":{"start":{"line":1,"column":12},"end":{"line":1,"column":35}},"1":{"start":{"line":2,"column":32},"end":{"line":2,"column":69}},"2":{"start":{"line":3,"column":19},"end":{"line":3,"column":46}},"3":{"start":{"line":6,"column":23},"end":{"line":6,"column":32}},"4":{"start":{"line":8,"column":28},"end":{"line":21,"column":1}},"5":{"start":{"line":9,"column":18},"end":{"line":14,"column":3}},"6":{"start":{"line":16,"column":2},"end":{"line":20,"column":4}},"7":{"start":{"line":23,"column":29},"end":{"line":34,"column":1}},"8":{"start":{"line":24,"column":18},"end":{"line":27,"column":3}},"9":{"start":{"line":29,"column":2},"end":{"line":33,"column":4}},"10":{"start":{"line":36,"column":26},"end":{"line":53,"column":1}},"11":{"start":{"line":37,"column":2},"end":{"line":52,"column":3}},"12":{"start":{"line":38,"column":4},"end":{"line":40,"column":5}},"13":{"start":{"line":39,"column":6},"end":{"line":39,"column":66}},"14":{"start":{"line":42,"column":20},"end":{"line":42,"column":61}},"15":{"start":{"line":43,"column":4},"end":{"line":45,"column":5}},"16":{"start":{"line":44,"column":6},"end":{"line":44,"column":58}},"17":{"start":{"line":46,"column":4},"end":{"line":46,"column":19}},"18":{"start":{"line":48,"column":4},"end":{"line":50,"column":5}},"19":{"start":{"line":49,"column":6},"end":{"line":49,"column":57}},"20":{"start":{"line":51,"column":4},"end":{"line":51,"column":51}},"21":{"start":{"line":55,"column":27},"end":{"line":72,"column":1}},"22":{"start":{"line":56,"column":2},"end":{"line":71,"column":3}},"23":{"start":{"line":57,"column":4},"end":{"line":59,"column":5}},"24":{"start":{"line":58,"column":6},"end":{"line":58,"column":66}},"25":{"start":{"line":61,"column":20},"end":{"line":61,"column":69}},"26":{"start":{"line":62,"column":4},"end":{"line":64,"column":5}},"27":{"start":{"line":63,"column":6},"end":{"line":63,"column":58}},"28":{"start":{"line":65,"column":4},"end":{"line":65,"column":19}},"29":{"start":{"line":67,"column":4},"end":{"line":69,"column":5}},"30":{"start":{"line":68,"column":6},"end":{"line":68,"column":65}},"31":{"start":{"line":70,"column":4},"end":{"line":70,"column":59}},"32":{"start":{"line":74,"column":23},"end":{"line":89,"column":1}},"33":{"start":{"line":75,"column":2},"end":{"line":88,"column":3}},"34":{"start":{"line":76,"column":20},"end":{"line":76,"column":37}},"35":{"start":{"line":77,"column":4},"end":{"line":85,"column":5}},"36":{"start":{"line":78,"column":24},"end":{"line":78,"column":67}},"37":{"start":{"line":79,"column":6},"end":{"line":79,"column":32}},"38":{"start":{"line":82,"column":6},"end":{"line":84,"column":27}},"39":{"start":{"line":83,"column":8},"end":{"line":83,"column":37}},"40":{"start":{"line":87,"column":4},"end":{"line":87,"column":53}},"41":{"start":{"line":91,"column":27},"end":{"line":93,"column":1}},"42":{"start":{"line":92,"column":2},"end":{"line":92,"column":35}},"43":{"start":{"line":95,"column":34},"end":{"line":101,"column":1}},"44":{"start":{"line":96,"column":2},"end":{"line":100,"column":4}},"45":{"start":{"line":103,"column":32},"end":{"line":116,"column":1}},"46":{"start":{"line":104,"column":2},"end":{"line":115,"column":3}},"47":{"start":{"line":105,"column":20},"end":{"line":105,"column":61}},"48":{"start":{"line":106,"column":4},"end":{"line":108,"column":5}},"49":{"start":{"line":107,"column":6},"end":{"line":107,"column":58}},"50":{"start":{"line":109,"column":4},"end":{"line":109,"column":19}},"51":{"start":{"line":111,"column":4},"end":{"line":113,"column":5}},"52":{"start":{"line":112,"column":6},"end":{"line":112,"column":70}},"53":{"start":{"line":114,"column":4},"end":{"line":114,"column":64}},"54":{"start":{"line":118,"column":35},"end":{"line":124,"column":1}},"55":{"start":{"line":119,"column":2},"end":{"line":123,"column":4}},"56":{"start":{"line":126,"column":33},"end":{"line":139,"column":1}},"57":{"start":{"line":127,"column":2},"end":{"line":138,"column":3}},"58":{"start":{"line":128,"column":20},"end":{"line":128,"column":61}},"59":{"start":{"line":129,"column":4},"end":{"line":131,"column":5}},"60":{"start":{"line":130,"column":6},"end":{"line":130,"column":58}},"61":{"start":{"line":132,"column":4},"end":{"line":132,"column":19}},"62":{"start":{"line":134,"column":4},"end":{"line":136,"column":5}},"63":{"start":{"line":135,"column":6},"end":{"line":135,"column":72}},"64":{"start":{"line":137,"column":4},"end":{"line":137,"column":66}},"65":{"start":{"line":141,"column":0},"end":{"line":152,"column":2}}},"fnMap":{"0":{"name":"(anonymous_0)","decl":{"start":{"line":8,"column":28},"end":{"line":8,"column":29}},"loc":{"start":{"line":8,"column":38},"end":{"line":21,"column":1}},"line":8},"1":{"name":"(anonymous_1)","decl":{"start":{"line":23,"column":29},"end":{"line":23,"column":30}},"loc":{"start":{"line":23,"column":39},"end":{"line":34,"column":1}},"line":23},"2":{"name":"(anonymous_2)","decl":{"start":{"line":36,"column":26},"end":{"line":36,"column":27}},"loc":{"start":{"line":36,"column":37},"end":{"line":53,"column":1}},"line":36},"3":{"name":"(anonymous_3)","decl":{"start":{"line":55,"column":27},"end":{"line":55,"column":28}},"loc":{"start":{"line":55,"column":38},"end":{"line":72,"column":1}},"line":55},"4":{"name":"(anonymous_4)","decl":{"start":{"line":74,"column":23},"end":{"line":74,"column":24}},"loc":{"start":{"line":74,"column":34},"end":{"line":89,"column":1}},"line":74},"5":{"name":"(anonymous_5)","decl":{"start":{"line":82,"column":17},"end":{"line":82,"column":18}},"loc":{"start":{"line":82,"column":23},"end":{"line":84,"column":7}},"line":82},"6":{"name":"(anonymous_6)","decl":{"start":{"line":91,"column":27},"end":{"line":91,"column":28}},"loc":{"start":{"line":91,"column":38},"end":{"line":93,"column":1}},"line":91},"7":{"name":"(anonymous_7)","decl":{"start":{"line":95,"column":34},"end":{"line":95,"column":35}},"loc":{"start":{"line":95,"column":40},"end":{"line":101,"column":1}},"line":95},"8":{"name":"(anonymous_8)","decl":{"start":{"line":103,"column":32},"end":{"line":103,"column":33}},"loc":{"start":{"line":103,"column":43},"end":{"line":116,"column":1}},"line":103},"9":{"name":"(anonymous_9)","decl":{"start":{"line":118,"column":35},"end":{"line":118,"column":36}},"loc":{"start":{"line":118,"column":41},"end":{"line":124,"column":1}},"line":118},"10":{"name":"(anonymous_10)","decl":{"start":{"line":126,"column":33},"end":{"line":126,"column":34}},"loc":{"start":{"line":126,"column":44},"end":{"line":139,"column":1}},"line":126}},"branchMap":{"0":{"loc":{"start":{"line":19,"column":17},"end":{"line":19,"column":52}},"type":"binary-expr","locations":[{"start":{"line":19,"column":17},"end":{"line":19,"column":43}},{"start":{"line":19,"column":47},"end":{"line":19,"column":52}}],"line":19},"1":{"loc":{"start":{"line":32,"column":17},"end":{"line":32,"column":59}},"type":"binary-expr","locations":[{"start":{"line":32,"column":17},"end":{"line":32,"column":51}},{"start":{"line":32,"column":55},"end":{"line":32,"column":59}}],"line":32},"2":{"loc":{"start":{"line":38,"column":4},"end":{"line":40,"column":5}},"type":"if","locations":[{"start":{"line":38,"column":4},"end":{"line":40,"column":5}},{"start":{},"end":{}}],"line":38},"3":{"loc":{"start":{"line":43,"column":4},"end":{"line":45,"column":5}},"type":"if","locations":[{"start":{"line":43,"column":4},"end":{"line":45,"column":5}},{"start":{},"end":{}}],"line":43},"4":{"loc":{"start":{"line":48,"column":4},"end":{"line":50,"column":5}},"type":"if","locations":[{"start":{"line":48,"column":4},"end":{"line":50,"column":5}},{"start":{},"end":{}}],"line":48},"5":{"loc":{"start":{"line":57,"column":4},"end":{"line":59,"column":5}},"type":"if","locations":[{"start":{"line":57,"column":4},"end":{"line":59,"column":5}},{"start":{},"end":{}}],"line":57},"6":{"loc":{"start":{"line":62,"column":4},"end":{"line":64,"column":5}},"type":"if","locations":[{"start":{"line":62,"column":4},"end":{"line":64,"column":5}},{"start":{},"end":{}}],"line":62},"7":{"loc":{"start":{"line":67,"column":4},"end":{"line":69,"column":5}},"type":"if","locations":[{"start":{"line":67,"column":4},"end":{"line":69,"column":5}},{"start":{},"end":{}}],"line":67},"8":{"loc":{"start":{"line":77,"column":4},"end":{"line":85,"column":5}},"type":"if","locations":[{"start":{"line":77,"column":4},"end":{"line":85,"column":5}},{"start":{},"end":{}}],"line":77},"9":{"loc":{"start":{"line":77,"column":8},"end":{"line":77,"column":30}},"type":"binary-expr","locations":[{"start":{"line":77,"column":8},"end":{"line":77,"column":15}},{"start":{"line":77,"column":19},"end":{"line":77,"column":30}}],"line":77},"10":{"loc":{"start":{"line":106,"column":4},"end":{"line":108,"column":5}},"type":"if","locations":[{"start":{"line":106,"column":4},"end":{"line":108,"column":5}},{"start":{},"end":{}}],"line":106},"11":{"loc":{"start":{"line":111,"column":4},"end":{"line":113,"column":5}},"type":"if","locations":[{"start":{"line":111,"column":4},"end":{"line":113,"column":5}},{"start":{},"end":{}}],"line":111},"12":{"loc":{"start":{"line":129,"column":4},"end":{"line":131,"column":5}},"type":"if","locations":[{"start":{"line":129,"column":4},"end":{"line":131,"column":5}},{"start":{},"end":{}}],"line":129},"13":{"loc":{"start":{"line":134,"column":4},"end":{"line":136,"column":5}},"type":"if","locations":[{"start":{"line":134,"column":4},"end":{"line":136,"column":5}},{"start":{},"end":{}}],"line":134}},"s":{"0":0,"1":0,"2":0,"3":0,"4":0,"5":0,"6":0,"7":0,"8":0,"9":0,"10":0,"11":0,"12":0,"13":0,"14":0,"15":0,"16":0,"17":0,"18":0,"19":0,"20":0,"21":0,"22":0,"23":0,"24":0,"25":0,"26":0,"27":0,"28":0,"29":0,"30":0,"31":0,"32":0,"33":0,"34":0,"35":0,"36":0,"37":0,"38":0,"39":0,"40":0,"41":0,"42":0,"43":0,"44":0,"45":0,"46":0,"47":0,"48":0,"49":0,"50":0,"51":0,"52":0,"53":0,"54":0,"55":0,"56":0,"57":0,"58":0,"59":0,"60":0,"61":0,"62":0,"63":0,"64":0,"65":0},"f":{"0":0,"1":0,"2":0,"3":0,"4":0,"5":0,"6":0,"7":0,"8":0,"9":0,"10":0},"b":{"0":[0,0],"1":[0,0],"2":[0,0],"3":[0,0],"4":[0,0],"5":[0,0],"6":[0,0],"7":[0,0],"8":[0,0],"9":[0,0],"10":[0,0],"11":[0,0],"12":[0,0],"13":[0,0]}}
,"C:\\Users\\chait\\OneDrive\\Desktop\\RideLink\\src\\validation\\authValidation.js": {"path":"C:\\Users\\chait\\OneDrive\\Desktop\\RideLink\\src\\validation\\authValidation.js","statementMap":{"0":{"start":{"line":1,"column":12},"end":{"line":1,"column":26}},"1":{"start":{"line":3,"column":23},"end":{"line":34,"column":2}},"2":{"start":{"line":36,"column":20},"end":{"line":44,"column":2}},"3":{"start":{"line":46,"column":27},"end":{"line":50,"column":2}},"4":{"start":{"line":52,"column":35},"end":{"line":57,"column":2}},"5":{"start":{"line":59,"column":28},"end":{"line":72,"column":2}},"6":{"start":{"line":74,"column":29},"end":{"line":87,"column":2}},"7":{"start":{"line":89,"column":26},"end":{"line":93,"column":2}},"8":{"start":{"line":95,"column":0},"end":{"line":103,"column":2}}},"fnMap":{},"branchMap":{},"s":{"0":0,"1":0,"2":0,"3":0,"4":0,"5":0,"6":0,"7":0,"8":0},"f":{},"b":{}}
}
