TN:
SF:src\config\database.js
FN:13,(anonymous_0)
FN:84,testConnection
FN:97,(anonymous_2)
FN:103,syncModels
FNF:4
FNH:0
FNDA:0,(anonymous_0)
FNDA:0,testConnection
FNDA:0,(anonymous_2)
FNDA:0,syncModels
DA:1,4
DA:2,4
DA:5,4
DA:13,0
DA:63,4
DA:64,4
DA:67,4
DA:68,4
DA:85,0
DA:86,0
DA:87,0
DA:88,0
DA:89,0
DA:90,0
DA:92,0
DA:93,0
DA:94,0
DA:96,0
DA:97,0
DA:104,0
DA:105,0
DA:106,0
DA:107,0
DA:109,0
DA:110,0
DA:114,4
LF:26
LH:8
BRDA:34,0,0,4
BRDA:34,0,1,4
BRDA:35,1,0,4
BRDA:35,1,1,4
BRDA:36,2,0,4
BRDA:36,2,1,4
BRDA:37,3,0,4
BRDA:37,3,1,4
BRDA:38,4,0,4
BRDA:38,4,1,4
BRDA:47,5,0,4
BRDA:47,5,1,4
BRDA:63,6,0,4
BRDA:63,6,1,0
BRDA:67,7,0,4
BRDA:67,7,1,0
BRDA:84,8,0,0
BRDA:84,9,0,0
BRDA:85,10,0,0
BRDA:85,10,1,0
BRDA:93,11,0,0
BRDA:93,11,1,0
BRDA:103,12,0,0
BRDA:104,13,0,0
BRDA:104,13,1,0
BRF:25
BRH:14
end_of_record
TN:
SF:src\config\firebase.js
FN:27,(anonymous_0)
FN:79,(anonymous_1)
FNF:2
FNH:0
FNDA:0,(anonymous_0)
FNDA:0,(anonymous_1)
DA:1,1
DA:2,1
DA:6,1
DA:7,1
DA:14,0
DA:16,1
DA:17,1
DA:27,1
DA:28,0
DA:29,0
DA:30,0
DA:33,0
DA:34,0
DA:63,0
DA:64,0
DA:65,0
DA:67,0
DA:68,0
DA:79,1
DA:80,0
DA:81,0
DA:82,0
DA:85,0
DA:86,0
DA:115,0
DA:116,0
DA:117,0
DA:119,0
DA:120,0
DA:124,1
LF:30
LH:9
BRDA:27,0,0,0
BRDA:28,1,0,0
BRDA:28,1,1,0
BRDA:79,2,0,0
BRDA:80,3,0,0
BRDA:80,3,1,0
BRF:6
BRH:0
end_of_record
TN:
SF:src\models\Location.js
FN:7,(anonymous_0)
FN:13,(anonymous_1)
FNF:2
FNH:2
FNDA:3,(anonymous_0)
FNDA:3,(anonymous_1)
DA:5,3
DA:7,3
DA:15,3
DA:23,3
DA:126,3
LF:5
LH:5
BRF:0
BRH:0
end_of_record
TN:
SF:src\models\Notification.js
FN:7,(anonymous_0)
FN:13,(anonymous_1)
FNF:2
FNH:2
FNDA:3,(anonymous_0)
FNDA:3,(anonymous_1)
DA:5,3
DA:7,3
DA:15,3
DA:21,3
DA:29,3
DA:167,3
LF:6
LH:6
BRF:0
BRH:0
end_of_record
TN:
SF:src\models\Payment.js
FN:7,(anonymous_0)
FN:13,(anonymous_1)
FNF:2
FNH:2
FNDA:3,(anonymous_0)
FNDA:3,(anonymous_1)
DA:5,3
DA:7,3
DA:15,3
DA:21,3
DA:27,3
DA:35,3
DA:182,3
LF:7
LH:7
BRF:0
BRH:0
end_of_record
TN:
SF:src\models\Review.js
FN:4,(anonymous_0)
FN:6,(anonymous_1)
FNF:2
FNH:2
FNDA:3,(anonymous_0)
FNDA:3,(anonymous_1)
DA:2,3
DA:4,3
DA:8,3
DA:12,3
DA:16,3
DA:23,3
DA:124,3
LF:7
LH:7
BRF:0
BRH:0
end_of_record
TN:
SF:src\models\Ride.js
FN:7,(anonymous_0)
FN:13,(anonymous_1)
FNF:2
FNH:2
FNDA:3,(anonymous_0)
FNDA:3,(anonymous_1)
DA:5,3
DA:7,3
DA:15,3
DA:21,3
DA:27,3
DA:32,3
DA:39,3
DA:137,3
LF:8
LH:8
BRF:0
BRH:0
end_of_record
TN:
SF:src\models\User.js
FN:9,(anonymous_0)
FN:18,(anonymous_1)
FN:26,(anonymous_2)
FNF:3
FNH:2
FNDA:3,(anonymous_0)
FNDA:0,(anonymous_1)
FNDA:3,(anonymous_2)
DA:6,3
DA:7,3
DA:9,3
DA:19,0
DA:28,3
DA:34,3
DA:40,3
DA:46,3
DA:52,3
DA:58,3
DA:64,3
DA:70,3
DA:76,3
DA:82,3
DA:88,3
DA:94,3
DA:102,3
DA:222,3
LF:18
LH:17
BRF:0
BRH:0
end_of_record
TN:
SF:src\models\Vehicle.js
FN:7,(anonymous_0)
FN:13,(anonymous_1)
FNF:2
FNH:2
FNDA:3,(anonymous_0)
FNDA:3,(anonymous_1)
DA:5,3
DA:7,3
DA:15,3
DA:21,3
DA:29,3
DA:131,3
LF:6
LH:6
BRF:0
BRH:0
end_of_record
TN:
SF:src\models\fareEstimate.js
FN:7,(anonymous_0)
FN:13,(anonymous_1)
FNF:2
FNH:2
FNDA:3,(anonymous_0)
FNDA:3,(anonymous_1)
DA:5,3
DA:7,3
DA:15,3
DA:23,3
DA:156,3
LF:5
LH:5
BRF:0
BRH:0
end_of_record
TN:
SF:src\models\index.js
FN:11,(anonymous_0)
FN:11,(anonymous_1)
FN:11,(anonymous_2)
FN:24,(anonymous_3)
FN:32,(anonymous_4)
FN:37,(anonymous_5)
FNF:6
FNH:3
FNDA:0,(anonymous_0)
FNDA:0,(anonymous_1)
FNDA:0,(anonymous_2)
FNDA:33,(anonymous_3)
FNDA:30,(anonymous_4)
FNDA:30,(anonymous_5)
DA:1,3
DA:2,3
DA:3,3
DA:4,3
DA:5,3
DA:6,3
DA:7,3
DA:8,3
DA:10,3
DA:11,0
DA:12,0
DA:13,0
DA:16,3
DA:17,0
DA:19,3
DA:22,3
DA:25,33
DA:33,30
DA:34,30
DA:37,3
DA:38,30
DA:39,30
DA:43,3
DA:44,3
DA:45,3
LF:25
LH:21
BRDA:6,0,0,3
BRDA:6,0,1,0
BRDA:10,1,0,0
BRDA:10,1,1,3
BRDA:16,2,0,0
BRDA:16,2,1,3
BRDA:26,3,0,33
BRDA:26,3,1,33
BRDA:26,3,2,30
BRDA:26,3,3,30
BRDA:38,4,0,30
BRDA:38,4,1,0
BRF:12
BRH:8
end_of_record
TN:
SF:src\models\priceHistory.js
FN:7,(anonymous_0)
FN:13,(anonymous_1)
FNF:2
FNH:2
FNDA:3,(anonymous_0)
FNDA:3,(anonymous_1)
DA:5,3
DA:7,3
DA:15,3
DA:23,3
DA:160,3
LF:5
LH:5
BRF:0
BRH:0
end_of_record
TN:
SF:src\models\userPreference.js
FN:7,(anonymous_0)
FN:13,(anonymous_1)
FNF:2
FNH:2
FNDA:3,(anonymous_0)
FNDA:3,(anonymous_1)
DA:5,3
DA:7,3
DA:15,3
DA:23,3
DA:137,3
LF:5
LH:5
BRF:0
BRH:0
end_of_record
TN:
SF:src\services\fareCalculator.js
FN:12,calculateSurgeMultiplier
FN:28,calculateFare
FN:56,convertCurrency
FNF:3
FNH:3
FNDA:21,calculateSurgeMultiplier
FNDA:11,calculateFare
FNDA:12,convertCurrency
DA:2,2
DA:3,2
DA:4,2
DA:5,2
DA:13,21
DA:14,10
DA:15,8
DA:16,5
DA:29,11
DA:30,11
DA:31,11
DA:32,11
DA:33,11
DA:57,12
DA:58,10
DA:63,10
DA:64,2
DA:66,8
DA:69,2
LF:19
LH:19
BRDA:13,0,0,11
BRDA:13,0,1,10
BRDA:14,1,0,2
BRDA:14,1,1,8
BRDA:15,2,0,3
BRDA:15,2,1,5
BRDA:28,3,0,3
BRDA:28,4,0,3
BRDA:28,5,0,4
BRDA:57,6,0,2
BRDA:57,6,1,10
BRDA:63,7,0,2
BRDA:63,7,1,8
BRDA:63,8,0,10
BRDA:63,8,1,10
BRF:15
BRH:15
end_of_record
TN:
SF:src\services\notificationService.js
FN:20,(anonymous_0)
FN:38,(anonymous_1)
FN:102,(anonymous_2)
FN:169,(anonymous_3)
FN:236,(anonymous_4)
FN:307,(anonymous_5)
FN:323,(anonymous_6)
FN:339,(anonymous_7)
FNF:8
FNH:4
FNDA:5,(anonymous_0)
FNDA:4,(anonymous_1)
FNDA:4,(anonymous_2)
FNDA:4,(anonymous_3)
FNDA:0,(anonymous_4)
FNDA:0,(anonymous_5)
FNDA:0,(anonymous_6)
FNDA:0,(anonymous_7)
DA:1,2
DA:2,2
DA:3,2
DA:4,2
DA:5,2
DA:6,2
DA:9,2
DA:20,2
DA:21,5
DA:22,5
DA:29,5
DA:30,0
DA:32,5
DA:33,5
DA:38,2
DA:39,4
DA:40,4
DA:57,2
DA:58,0
DA:62,2
DA:80,0
DA:96,4
DA:97,4
DA:102,2
DA:103,4
DA:104,4
DA:121,2
DA:122,0
DA:125,2
DA:155,2
DA:156,2
DA:157,1
DA:161,1
DA:163,4
DA:164,4
DA:169,2
DA:170,4
DA:171,4
DA:193,2
DA:194,0
DA:198,2
DA:211,0
DA:222,4
DA:223,4
DA:236,2
DA:237,0
DA:239,0
DA:243,0
DA:244,0
DA:248,0
DA:257,0
DA:258,0
DA:259,0
DA:260,0
DA:270,0
DA:271,0
DA:272,0
DA:273,0
DA:289,0
DA:291,0
DA:293,0
DA:294,0
DA:307,2
DA:308,0
DA:310,0
DA:322,0
DA:323,0
DA:324,0
DA:338,0
DA:340,0
DA:350,0
DA:352,0
DA:353,0
DA:357,2
LF:74
LH:41
BRDA:57,0,0,0
BRDA:57,0,1,2
BRDA:121,1,0,0
BRDA:121,1,1,2
BRDA:156,2,0,1
BRDA:156,2,1,1
BRDA:193,3,0,0
BRDA:193,3,1,2
BRDA:236,4,0,0
BRDA:243,5,0,0
BRDA:243,5,1,0
BRDA:257,6,0,0
BRDA:257,6,1,0
BRDA:259,7,0,0
BRDA:259,7,1,0
BRDA:259,8,0,0
BRDA:259,8,1,0
BRDA:270,9,0,0
BRDA:270,9,1,0
BRDA:272,10,0,0
BRDA:272,10,1,0
BRDA:272,11,0,0
BRDA:272,11,1,0
BRDA:307,12,0,0
BRDA:322,13,0,0
BRDA:322,13,1,0
BRF:26
BRH:5
end_of_record
TN:
SF:src\utils\emailUtils.js
FN:16,(anonymous_0)
FN:41,(anonymous_1)
FN:88,(anonymous_2)
FN:134,(anonymous_3)
FNF:4
FNH:1
FNDA:2,(anonymous_0)
FNDA:0,(anonymous_1)
FNDA:0,(anonymous_2)
FNDA:0,(anonymous_3)
DA:1,1
DA:2,1
DA:5,1
DA:16,1
DA:17,2
DA:18,2
DA:19,2
DA:20,0
DA:23,0
DA:31,0
DA:32,0
DA:33,0
DA:35,2
DA:36,0
DA:41,1
DA:42,0
DA:43,0
DA:44,0
DA:60,0
DA:75,0
DA:82,0
DA:83,0
DA:88,1
DA:89,0
DA:90,0
DA:109,0
DA:110,0
DA:111,0
DA:114,0
DA:121,0
DA:128,0
DA:129,0
DA:134,1
DA:135,0
DA:136,0
DA:137,0
DA:150,0
DA:163,0
DA:170,0
DA:171,0
LF:40
LH:11
BRDA:18,0,0,2
BRDA:18,0,1,0
BRDA:28,1,0,0
BRDA:28,1,1,0
BRDA:110,2,0,0
BRDA:110,2,1,0
BRF:6
BRH:1
end_of_record
